#
# There is insufficient memory for the Java Runtime Environment to continue.
# Native memory allocation (malloc) failed to allocate 2097152 bytes for AllocateHeap
# Possible reasons:
#   The system is out of physical RAM or swap space
#   The process is running with CompressedOops enabled, and the Java Heap may be blocking the growth of the native heap
# Possible solutions:
#   Reduce memory load on the system
#   Increase physical memory or swap space
#   Check if swap backing store is full
#   Decrease Java heap size (-Xmx/-Xms)
#   Decrease number of Java threads
#   Decrease Java thread stack sizes (-Xss)
#   Set larger code cache with -XX:ReservedCodeCacheSize=
#   JVM is running with Unscaled Compressed Oops mode in which the Java heap is
#     placed in the first 4GB address space. The Java Heap base address is the
#     maximum limit for the native heap growth. Please use -XX:HeapBaseMinAddress
#     to set the Java Heap base and to place the Java Heap above 4GB virtual address.
# This output file may be truncated or incomplete.
#
#  Out of Memory Error (allocation.cpp:44), pid=9336, tid=9516
#
# JRE version: OpenJDK Runtime Environment Temurin-17.0.9+9 (17.0.9+9) (build 17.0.9+9)
# Java VM: OpenJDK 64-Bit Server VM Temurin-17.0.9+9 (17.0.9+9, mixed mode, emulated-client, tiered, compressed oops, compressed class ptrs, g1 gc, windows-amd64)
# No core dump will be written. Minidumps are not enabled by default on client versions of Windows
#

---------------  S U M M A R Y ------------

Command Line: -XX:+HeapDumpOnOutOfMemoryError -Xmx1024m -Dsts.lsp.client=vscode -Dsts.log.file=/dev/null -XX:TieredStopAtLevel=1 -Xlog:jni+resolve=off -Dspring.config.location=file:c:\Users\willi\.vscode\extensions\vmware.vscode-spring-boot-1.51.0\language-server\BOOT-INF\classes\application.properties org.springframework.ide.vscode.boot.app.BootLanguageServerBootApp

Host: Intel(R) Core(TM) i7-8565U CPU @ 1.80GHz, 8 cores, 7G,  Windows 11 , 64 bit Build 22621 (10.0.22621.2506)
Time: Thu Feb  1 14:11:56 2024 Hora oficial do Brasil elapsed time: 9663.572259 seconds (0d 2h 41m 3s)

---------------  T H R E A D  ---------------

Current thread (0x0000018e1317b5f0):  VMThread "VM Thread" [stack: 0x0000007c8fa00000,0x0000007c8fb00000] [id=9516]

Stack: [0x0000007c8fa00000,0x0000007c8fb00000]
Native frames: (J=compiled Java code, j=interpreted, Vv=VM code, C=native code)
V  [jvm.dll+0x67cf49]
V  [jvm.dll+0x83478a]
V  [jvm.dll+0x83624e]
V  [jvm.dll+0x8368b3]
V  [jvm.dll+0x247f1f]
V  [jvm.dll+0xa6b4b]
V  [jvm.dll+0x2f8f01]
V  [jvm.dll+0x2f4af0]
V  [jvm.dll+0x2dd0d7]
V  [jvm.dll+0x320357]
V  [jvm.dll+0x83adab]
V  [jvm.dll+0x83baf1]
V  [jvm.dll+0x83c00d]
V  [jvm.dll+0x83c3e4]
V  [jvm.dll+0x83c4b0]
V  [jvm.dll+0x7e3c3a]
V  [jvm.dll+0x67be35]
C  [ucrtbase.dll+0x29363]
C  [KERNEL32.DLL+0x1257d]
C  [ntdll.dll+0x5aa58]

VM_Operation (0x0000007c910fef30): G1CollectFull, mode: safepoint, requested by thread 0x0000018e18bea350


---------------  P R O C E S S  ---------------

Threads class SMR info:
_java_thread_list=0x0000018e197d1970, length=25, elements={
0x0000018e13194020, 0x0000018e13194db0, 0x0000018e131be290, 0x0000018e132e2090,
0x0000018e132e4970, 0x0000018e132e5240, 0x0000018e132e5b10, 0x0000018e132e8430,
0x0000018e134e30e0, 0x0000018e134f0d40, 0x0000018e18baf710, 0x0000018e18bea350,
0x0000018e18c964a0, 0x0000018e0612d560, 0x0000018e18d3a190, 0x0000018e18d4ce50,
0x0000018e18d83aa0, 0x0000018e18d84ee0, 0x0000018e18d86320, 0x0000018e18d85900,
0x0000018e18d849d0, 0x0000018e18d86830, 0x0000018e18d83590, 0x0000018e18d83fb0,
0x0000018e1907fc40
}

Java Threads: ( => current thread )
  0x0000018e13194020 JavaThread "Reference Handler" daemon [_thread_blocked, id=15836, stack(0x0000007c8fb00000,0x0000007c8fc00000)]
  0x0000018e13194db0 JavaThread "Finalizer" daemon [_thread_blocked, id=14412, stack(0x0000007c8fc00000,0x0000007c8fd00000)]
  0x0000018e131be290 JavaThread "Signal Dispatcher" daemon [_thread_blocked, id=18908, stack(0x0000007c8fd00000,0x0000007c8fe00000)]
  0x0000018e132e2090 JavaThread "Attach Listener" daemon [_thread_blocked, id=17968, stack(0x0000007c8fe00000,0x0000007c8ff00000)]
  0x0000018e132e4970 JavaThread "Service Thread" daemon [_thread_blocked, id=12140, stack(0x0000007c8ff00000,0x0000007c90000000)]
  0x0000018e132e5240 JavaThread "Monitor Deflation Thread" daemon [_thread_blocked, id=4084, stack(0x0000007c90000000,0x0000007c90100000)]
  0x0000018e132e5b10 JavaThread "C1 CompilerThread0" daemon [_thread_blocked, id=7736, stack(0x0000007c90100000,0x0000007c90200000)]
  0x0000018e132e8430 JavaThread "Sweeper thread" daemon [_thread_blocked, id=13172, stack(0x0000007c90200000,0x0000007c90300000)]
  0x0000018e134e30e0 JavaThread "Notification Thread" daemon [_thread_blocked, id=13524, stack(0x0000007c90300000,0x0000007c90400000)]
  0x0000018e134f0d40 JavaThread "Common-Cleaner" daemon [_thread_blocked, id=10692, stack(0x0000007c90500000,0x0000007c90600000)]
  0x0000018e18baf710 JavaThread "boundedElastic-evictor-1" daemon [_thread_blocked, id=21428, stack(0x0000007c90c00000,0x0000007c90d00000)]
  0x0000018e18bea350 JavaThread "pool-12-thread-1" [_thread_blocked, id=14732, stack(0x0000007c91000000,0x0000007c91100000)]
  0x0000018e18c964a0 JavaThread "LanguageServerApp-lifecycle" [_thread_blocked, id=4060, stack(0x0000007c91100000,0x0000007c91200000)]
  0x0000018e0612d560 JavaThread "DestroyJavaVM" [_thread_blocked, id=2736, stack(0x0000007c8f400000,0x0000007c8f500000)]
  0x0000018e18d3a190 JavaThread "pool-13-thread-1" [_thread_in_native, id=16812, stack(0x0000007c91200000,0x0000007c91300000)]
  0x0000018e18d4ce50 JavaThread "Simple-Language-Server main thread" daemon [_thread_blocked, id=11308, stack(0x0000007c91300000,0x0000007c91400000)]
  0x0000018e18d83aa0 JavaThread "pool-8-thread-1" [_thread_blocked, id=8660, stack(0x0000007c91700000,0x0000007c91800000)]
  0x0000018e18d84ee0 JavaThread "parallel-1" daemon [_thread_blocked, id=19076, stack(0x0000007c91800000,0x0000007c91900000)]
  0x0000018e18d86320 JavaThread "pool-6-thread-1" [_thread_blocked, id=19188, stack(0x0000007c91900000,0x0000007c91a00000)]
  0x0000018e18d85900 JavaThread "parallel-2" daemon [_thread_blocked, id=14532, stack(0x0000007c91a00000,0x0000007c91b00000)]
  0x0000018e18d849d0 JavaThread "parallel-3" daemon [_thread_blocked, id=10656, stack(0x0000007c91b00000,0x0000007c91c00000)]
  0x0000018e18d86830 JavaThread "Reconciler-1" daemon [_thread_blocked, id=2612, stack(0x0000007c91d00000,0x0000007c91e00000)]
  0x0000018e18d83590 JavaThread "parallel-4" daemon [_thread_blocked, id=16312, stack(0x0000007c91f00000,0x0000007c92000000)]
  0x0000018e18d83fb0 JavaThread "parallel-5" daemon [_thread_blocked, id=2560, stack(0x0000007c92000000,0x0000007c92100000)]
  0x0000018e1907fc40 JavaThread "parallel-6" daemon [_thread_blocked, id=18024, stack(0x0000007c8f100000,0x0000007c8f200000)]

Other Threads:
=>0x0000018e1317b5f0 VMThread "VM Thread" [stack: 0x0000007c8fa00000,0x0000007c8fb00000] [id=9516]
  0x0000018e134e75e0 WatcherThread [stack: 0x0000007c90400000,0x0000007c90500000] [id=13156]
  0x0000018e083d7720 GCTaskThread "GC Thread#0" [stack: 0x0000007c8f500000,0x0000007c8f600000] [id=10680]
  0x0000018e18216b90 GCTaskThread "GC Thread#1" [stack: 0x0000007c90700000,0x0000007c90800000] [id=8072]
  0x0000018e18216e50 GCTaskThread "GC Thread#2" [stack: 0x0000007c90800000,0x0000007c90900000] [id=7024]
  0x0000018e18298860 GCTaskThread "GC Thread#3" [stack: 0x0000007c90900000,0x0000007c90a00000] [id=20488]
  0x0000018e1847b240 GCTaskThread "GC Thread#4" [stack: 0x0000007c90a00000,0x0000007c90b00000] [id=5760]
  0x0000018e184948f0 GCTaskThread "GC Thread#5" [stack: 0x0000007c90b00000,0x0000007c90c00000] [id=9080]
  0x0000018e18598f50 GCTaskThread "GC Thread#6" [stack: 0x0000007c90d00000,0x0000007c90e00000] [id=10996]
  0x0000018e18616870 GCTaskThread "GC Thread#7" [stack: 0x0000007c90e00000,0x0000007c90f00000] [id=13436]
  0x0000018e083e0580 ConcurrentGCThread "G1 Main Marker" [stack: 0x0000007c8f600000,0x0000007c8f700000] [id=14984]
  0x0000018e083e0eb0 ConcurrentGCThread "G1 Conc#0" [stack: 0x0000007c8f700000,0x0000007c8f800000] [id=11284]
  0x0000018e18754850 ConcurrentGCThread "G1 Conc#1" [stack: 0x0000007c90f00000,0x0000007c91000000] [id=8876]
  0x0000018e12ff20c0 ConcurrentGCThread "G1 Refine#0" [stack: 0x0000007c8f800000,0x0000007c8f900000] [id=7672]
  0x0000018e12ff2a00 ConcurrentGCThread "G1 Service" [stack: 0x0000007c8f900000,0x0000007c8fa00000] [id=9016]

Threads with active compile tasks:

VM state: at safepoint (normal execution)

VM Mutex/Monitor currently owned by a thread:  ([mutex/lock_event])
[0x0000018e06075ad0] Threads_lock - owner thread: 0x0000018e1317b5f0
[0x0000018e0606f5b0] Heap_lock - owner thread: 0x0000018e18bea350

Heap address: 0x00000000c0000000, size: 1024 MB, Compressed Oops mode: 32-bit

CDS archive(s) not mapped
Compressed class space mapped at: 0x0000000100000000-0x0000000140000000, reserved size: 1073741824
Narrow klass base: 0x0000000000000000, Narrow klass shift: 3, Narrow klass range: 0x140000000

GC Precious Log:
 CPUs: 8 total, 8 available
 Memory: 8053M
 Large Page Support: Disabled
 NUMA Support: Disabled
 Compressed Oops: Enabled (32-bit)
 Heap Region Size: 1M
 Heap Min Capacity: 8M
 Heap Initial Capacity: 126M
 Heap Max Capacity: 1G
 Pre-touch: Disabled
 Parallel Workers: 8
 Concurrent Workers: 2
 Concurrent Refinement Workers: 8
 Periodic GC: Disabled

Heap:
 garbage-first heap   total 86016K, used 34304K [0x00000000c0000000, 0x0000000100000000)
  region size 1024K, 1 young (1024K), 0 survivors (0K)
 Metaspace       used 58342K, committed 58880K, reserved 1114112K
  class space    used 7218K, committed 7488K, reserved 1048576K

Heap Regions: E=young(eden), S=young(survivor), O=old, HS=humongous(starts), HC=humongous(continues), CS=collection set, F=free, OA=open archive, CA=closed archive, TAMS=top-at-mark-start (previous, next)
|   0|0x00000000c0000000, 0x00000000c0100000, 0x00000000c0100000|100%|HS|  |TAMS 0x00000000c0100000, 0x00000000c0000000| Untracked 
|   1|0x00000000c0100000, 0x00000000c0200000, 0x00000000c0200000|100%|HC|  |TAMS 0x00000000c0200000, 0x00000000c0100000| Untracked 
|   2|0x00000000c0200000, 0x00000000c0300000, 0x00000000c0300000|100%|HC|  |TAMS 0x00000000c0300000, 0x00000000c0200000| Untracked 
|   3|0x00000000c0300000, 0x00000000c0400000, 0x00000000c0400000|100%|HC|  |TAMS 0x00000000c0400000, 0x00000000c0300000| Untracked 
|   4|0x00000000c0400000, 0x00000000c0500000, 0x00000000c0500000|100%| O|  |TAMS 0x00000000c0500000, 0x00000000c0400000| Untracked 
|   5|0x00000000c0500000, 0x00000000c0600000, 0x00000000c0600000|100%| O|  |TAMS 0x00000000c0600000, 0x00000000c0500000| Untracked 
|   6|0x00000000c0600000, 0x00000000c0700000, 0x00000000c0700000|100%| O|  |TAMS 0x00000000c0700000, 0x00000000c0600000| Untracked 
|   7|0x00000000c0700000, 0x00000000c0800000, 0x00000000c0800000|100%| O|  |TAMS 0x00000000c0800000, 0x00000000c0700000| Untracked 
|   8|0x00000000c0800000, 0x00000000c08fffe8, 0x00000000c0900000| 99%| O|  |TAMS 0x00000000c08fffe8, 0x00000000c0800000| Untracked 
|   9|0x00000000c0900000, 0x00000000c09fffb8, 0x00000000c0a00000| 99%| O|  |TAMS 0x00000000c09fffb8, 0x00000000c0900000| Untracked 
|  10|0x00000000c0a00000, 0x00000000c0affff0, 0x00000000c0b00000| 99%| O|  |TAMS 0x00000000c0affff0, 0x00000000c0a00000| Untracked 
|  11|0x00000000c0b00000, 0x00000000c0c00000, 0x00000000c0c00000|100%| O|  |TAMS 0x00000000c0c00000, 0x00000000c0b00000| Untracked 
|  12|0x00000000c0c00000, 0x00000000c0d00000, 0x00000000c0d00000|100%| O|  |TAMS 0x00000000c0d00000, 0x00000000c0c00000| Untracked 
|  13|0x00000000c0d00000, 0x00000000c0dffe70, 0x00000000c0e00000| 99%| O|  |TAMS 0x00000000c0dffe70, 0x00000000c0d00000| Untracked 
|  14|0x00000000c0e00000, 0x00000000c0efffe0, 0x00000000c0f00000| 99%| O|  |TAMS 0x00000000c0efffe0, 0x00000000c0e00000| Untracked 
|  15|0x00000000c0f00000, 0x00000000c0ffffd8, 0x00000000c1000000| 99%| O|  |TAMS 0x00000000c0ffffd8, 0x00000000c0f00000| Untracked 
|  16|0x00000000c1000000, 0x00000000c10ffff0, 0x00000000c1100000| 99%| O|  |TAMS 0x00000000c10ffff0, 0x00000000c1000000| Untracked 
|  17|0x00000000c1100000, 0x00000000c11fffe0, 0x00000000c1200000| 99%| O|  |TAMS 0x00000000c11fffe0, 0x00000000c1100000| Untracked 
|  18|0x00000000c1200000, 0x00000000c12fffe0, 0x00000000c1300000| 99%| O|  |TAMS 0x00000000c12fffe0, 0x00000000c1200000| Untracked 
|  19|0x00000000c1300000, 0x00000000c13f9a58, 0x00000000c1400000| 97%| O|  |TAMS 0x00000000c13f9a58, 0x00000000c1300000| Untracked 
|  20|0x00000000c1400000, 0x00000000c14fffe0, 0x00000000c1500000| 99%| O|  |TAMS 0x00000000c14fffe0, 0x00000000c1400000| Untracked 
|  21|0x00000000c1500000, 0x00000000c1600000, 0x00000000c1600000|100%| O|  |TAMS 0x00000000c1600000, 0x00000000c1500000| Untracked 
|  22|0x00000000c1600000, 0x00000000c16f7580, 0x00000000c1700000| 96%| O|  |TAMS 0x00000000c16f7580, 0x00000000c1600000| Untracked 
|  23|0x00000000c1700000, 0x00000000c17ffff0, 0x00000000c1800000| 99%| O|  |TAMS 0x00000000c17ffff0, 0x00000000c1700000| Untracked 
|  24|0x00000000c1800000, 0x00000000c18ffff8, 0x00000000c1900000| 99%| O|  |TAMS 0x00000000c18ffff8, 0x00000000c1800000| Untracked 
|  25|0x00000000c1900000, 0x00000000c19ffff8, 0x00000000c1a00000| 99%| O|  |TAMS 0x00000000c19ffff8, 0x00000000c1900000| Untracked 
|  26|0x00000000c1a00000, 0x00000000c1b00000, 0x00000000c1b00000|100%|HS|  |TAMS 0x00000000c1b00000, 0x00000000c1a00000| Untracked 
|  27|0x00000000c1b00000, 0x00000000c1bfffd0, 0x00000000c1c00000| 99%| O|  |TAMS 0x00000000c1bfffd0, 0x00000000c1b00000| Untracked 
|  28|0x00000000c1c00000, 0x00000000c1cfdf28, 0x00000000c1d00000| 99%| O|  |TAMS 0x00000000c1cfdf28, 0x00000000c1c00000| Untracked 
|  29|0x00000000c1d00000, 0x00000000c1dffff0, 0x00000000c1e00000| 99%| O|  |TAMS 0x00000000c1dffff0, 0x00000000c1d00000| Untracked 
|  30|0x00000000c1e00000, 0x00000000c1eafa30, 0x00000000c1f00000| 68%| O|  |TAMS 0x00000000c1e00000, 0x00000000c1e00000| Untracked 
|  31|0x00000000c1f00000, 0x00000000c2000000, 0x00000000c2000000|100%| O|  |TAMS 0x00000000c2000000, 0x00000000c1f00000| Untracked 
|  32|0x00000000c2000000, 0x00000000c20e1dc0, 0x00000000c2100000| 88%| O|  |TAMS 0x00000000c2000000, 0x00000000c2000000| Untracked 
|  33|0x00000000c2100000, 0x00000000c2100000, 0x00000000c2200000|  0%| F|  |TAMS 0x00000000c2100000, 0x00000000c2100000| Untracked 
|  34|0x00000000c2200000, 0x00000000c2300000, 0x00000000c2300000|100%| O|  |TAMS 0x00000000c2300000, 0x00000000c2200000| Untracked 
|  35|0x00000000c2300000, 0x00000000c2300000, 0x00000000c2400000|  0%| F|  |TAMS 0x00000000c2300000, 0x00000000c2300000| Untracked 
|  36|0x00000000c2400000, 0x00000000c2400000, 0x00000000c2500000|  0%| F|  |TAMS 0x00000000c2400000, 0x00000000c2400000| Untracked 
|  37|0x00000000c2500000, 0x00000000c2500000, 0x00000000c2600000|  0%| F|  |TAMS 0x00000000c2500000, 0x00000000c2500000| Untracked 
|  38|0x00000000c2600000, 0x00000000c2600000, 0x00000000c2700000|  0%| F|  |TAMS 0x00000000c2600000, 0x00000000c2600000| Untracked 
|  39|0x00000000c2700000, 0x00000000c2700000, 0x00000000c2800000|  0%| F|  |TAMS 0x00000000c2700000, 0x00000000c2700000| Untracked 
|  40|0x00000000c2800000, 0x00000000c2800000, 0x00000000c2900000|  0%| F|  |TAMS 0x00000000c2800000, 0x00000000c2800000| Untracked 
|  41|0x00000000c2900000, 0x00000000c2900000, 0x00000000c2a00000|  0%| F|  |TAMS 0x00000000c2900000, 0x00000000c2900000| Untracked 
|  42|0x00000000c2a00000, 0x00000000c2a00000, 0x00000000c2b00000|  0%| F|  |TAMS 0x00000000c2a00000, 0x00000000c2a00000| Untracked 
|  43|0x00000000c2b00000, 0x00000000c2b00000, 0x00000000c2c00000|  0%| F|  |TAMS 0x00000000c2b00000, 0x00000000c2b00000| Untracked 
|  44|0x00000000c2c00000, 0x00000000c2c00000, 0x00000000c2d00000|  0%| F|  |TAMS 0x00000000c2c00000, 0x00000000c2c00000| Untracked 
|  45|0x00000000c2d00000, 0x00000000c2d00000, 0x00000000c2e00000|  0%| F|  |TAMS 0x00000000c2d00000, 0x00000000c2d00000| Untracked 
|  46|0x00000000c2e00000, 0x00000000c2e00000, 0x00000000c2f00000|  0%| F|  |TAMS 0x00000000c2e00000, 0x00000000c2e00000| Untracked 
|  47|0x00000000c2f00000, 0x00000000c2f00000, 0x00000000c3000000|  0%| F|  |TAMS 0x00000000c2f00000, 0x00000000c2f00000| Untracked 
|  48|0x00000000c3000000, 0x00000000c3000000, 0x00000000c3100000|  0%| F|  |TAMS 0x00000000c3000000, 0x00000000c3000000| Untracked 
|  49|0x00000000c3100000, 0x00000000c3100000, 0x00000000c3200000|  0%| F|  |TAMS 0x00000000c3100000, 0x00000000c3100000| Untracked 
|  50|0x00000000c3200000, 0x00000000c3200000, 0x00000000c3300000|  0%| F|  |TAMS 0x00000000c3200000, 0x00000000c3200000| Untracked 
|  51|0x00000000c3300000, 0x00000000c3300000, 0x00000000c3400000|  0%| F|  |TAMS 0x00000000c3300000, 0x00000000c3300000| Untracked 
|  52|0x00000000c3400000, 0x00000000c3400000, 0x00000000c3500000|  0%| F|  |TAMS 0x00000000c3400000, 0x00000000c3400000| Untracked 
|  53|0x00000000c3500000, 0x00000000c3500000, 0x00000000c3600000|  0%| F|  |TAMS 0x00000000c3500000, 0x00000000c3500000| Untracked 
|  54|0x00000000c3600000, 0x00000000c3600000, 0x00000000c3700000|  0%| F|  |TAMS 0x00000000c3600000, 0x00000000c3600000| Untracked 
|  55|0x00000000c3700000, 0x00000000c3700000, 0x00000000c3800000|  0%| F|  |TAMS 0x00000000c3700000, 0x00000000c3700000| Untracked 
|  56|0x00000000c3800000, 0x00000000c3800000, 0x00000000c3900000|  0%| F|  |TAMS 0x00000000c3800000, 0x00000000c3800000| Untracked 
|  57|0x00000000c3900000, 0x00000000c3900000, 0x00000000c3a00000|  0%| F|  |TAMS 0x00000000c3900000, 0x00000000c3900000| Untracked 
|  58|0x00000000c3a00000, 0x00000000c3a00000, 0x00000000c3b00000|  0%| F|  |TAMS 0x00000000c3a00000, 0x00000000c3a00000| Untracked 
|  59|0x00000000c3b00000, 0x00000000c3b00000, 0x00000000c3c00000|  0%| F|  |TAMS 0x00000000c3b00000, 0x00000000c3b00000| Untracked 
|  60|0x00000000c3c00000, 0x00000000c3c00000, 0x00000000c3d00000|  0%| F|  |TAMS 0x00000000c3c00000, 0x00000000c3c00000| Untracked 
|  61|0x00000000c3d00000, 0x00000000c3d00000, 0x00000000c3e00000|  0%| F|  |TAMS 0x00000000c3d00000, 0x00000000c3d00000| Untracked 
|  62|0x00000000c3e00000, 0x00000000c3e00000, 0x00000000c3f00000|  0%| F|  |TAMS 0x00000000c3e00000, 0x00000000c3e00000| Untracked 
|  63|0x00000000c3f00000, 0x00000000c3f00000, 0x00000000c4000000|  0%| F|  |TAMS 0x00000000c3f00000, 0x00000000c3f00000| Untracked 
|  64|0x00000000c4000000, 0x00000000c4000000, 0x00000000c4100000|  0%| F|  |TAMS 0x00000000c4000000, 0x00000000c4000000| Untracked 
|  65|0x00000000c4100000, 0x00000000c4100000, 0x00000000c4200000|  0%| F|  |TAMS 0x00000000c4100000, 0x00000000c4100000| Untracked 
|  66|0x00000000c4200000, 0x00000000c4200000, 0x00000000c4300000|  0%| F|  |TAMS 0x00000000c4200000, 0x00000000c4200000| Untracked 
|  67|0x00000000c4300000, 0x00000000c4300000, 0x00000000c4400000|  0%| F|  |TAMS 0x00000000c4300000, 0x00000000c4300000| Untracked 
|  68|0x00000000c4400000, 0x00000000c4400000, 0x00000000c4500000|  0%| F|  |TAMS 0x00000000c4400000, 0x00000000c4400000| Untracked 
|  69|0x00000000c4500000, 0x00000000c4500000, 0x00000000c4600000|  0%| F|  |TAMS 0x00000000c4500000, 0x00000000c4500000| Untracked 
|  70|0x00000000c4600000, 0x00000000c4600000, 0x00000000c4700000|  0%| F|  |TAMS 0x00000000c4600000, 0x00000000c4600000| Untracked 
|  71|0x00000000c4700000, 0x00000000c4700000, 0x00000000c4800000|  0%| F|  |TAMS 0x00000000c4700000, 0x00000000c4700000| Untracked 
|  72|0x00000000c4800000, 0x00000000c4800000, 0x00000000c4900000|  0%| F|  |TAMS 0x00000000c4800000, 0x00000000c4800000| Untracked 
|  73|0x00000000c4900000, 0x00000000c4900000, 0x00000000c4a00000|  0%| F|  |TAMS 0x00000000c4900000, 0x00000000c4900000| Untracked 
|  74|0x00000000c4a00000, 0x00000000c4a00000, 0x00000000c4b00000|  0%| F|  |TAMS 0x00000000c4a00000, 0x00000000c4a00000| Untracked 
|  75|0x00000000c4b00000, 0x00000000c4b00000, 0x00000000c4c00000|  0%| F|  |TAMS 0x00000000c4b00000, 0x00000000c4b00000| Untracked 
|  76|0x00000000c4c00000, 0x00000000c4c00000, 0x00000000c4d00000|  0%| F|  |TAMS 0x00000000c4c00000, 0x00000000c4c00000| Untracked 
|  89|0x00000000c5900000, 0x00000000c5900000, 0x00000000c5a00000|  0%| F|  |TAMS 0x00000000c5900000, 0x00000000c5900000| Untracked 
|  90|0x00000000c5a00000, 0x00000000c5a00000, 0x00000000c5b00000|  0%| F|  |TAMS 0x00000000c5a00000, 0x00000000c5a00000| Untracked 
|  91|0x00000000c5b00000, 0x00000000c5b00000, 0x00000000c5c00000|  0%| F|  |TAMS 0x00000000c5b00000, 0x00000000c5b00000| Untracked 
|  92|0x00000000c5c00000, 0x00000000c5c00000, 0x00000000c5d00000|  0%| F|  |TAMS 0x00000000c5c00000, 0x00000000c5c00000| Untracked 
|  93|0x00000000c5d00000, 0x00000000c5d00000, 0x00000000c5e00000|  0%| F|  |TAMS 0x00000000c5d00000, 0x00000000c5d00000| Untracked 
| 124|0x00000000c7c00000, 0x00000000c7c00000, 0x00000000c7d00000|  0%| F|  |TAMS 0x00000000c7c00000, 0x00000000c7c00000| Untracked 
| 125|0x00000000c7d00000, 0x00000000c7d4f638, 0x00000000c7e00000| 31%| E|  |TAMS 0x00000000c7d00000, 0x00000000c7d00000| Complete 

Card table byte_map: [0x0000018e0e330000,0x0000018e0e530000] _byte_map_base: 0x0000018e0dd30000

Marking Bits (Prev, Next): (CMBitMap*) 0x0000018e083d7c50, (CMBitMap*) 0x0000018e083d7c90
 Prev Bits: [0x0000018e0e730000, 0x0000018e0f730000)
 Next Bits: [0x0000018e0f730000, 0x0000018e10730000)

Polling page: 0x0000018e062c0000

Metaspace:

Usage:
  Non-class:     49.93 MB used.
      Class:      7.05 MB used.
       Both:     56.98 MB used.

Virtual space:
  Non-class space:       64.00 MB reserved,      50.19 MB ( 78%) committed,  1 nodes.
      Class space:        1.00 GB reserved,       7.31 MB ( <1%) committed,  1 nodes.
             Both:        1.06 GB reserved,      57.50 MB (  5%) committed. 

Chunk freelists:
   Non-Class:  13.62 MB
       Class:  8.61 MB
        Both:  22.23 MB

MaxMetaspaceSize: unlimited
CompressedClassSpaceSize: 1.00 GB
Initial GC threshold: 21.00 MB
Current GC threshold: 95.75 MB
CDS: off
MetaspaceReclaimPolicy: balanced
 - commit_granule_bytes: 65536.
 - commit_granule_words: 8192.
 - virtual_space_node_default_size: 8388608.
 - enlarge_chunks_in_place: 1.
 - new_chunks_are_fully_committed: 0.
 - uncommit_free_chunks: 1.
 - use_allocation_guard: 0.
 - handle_deallocations: 1.


Internal statistics:

num_allocs_failed_limit: 8.
num_arena_births: 654.
num_arena_deaths: 230.
num_vsnodes_births: 2.
num_vsnodes_deaths: 0.
num_space_committed: 920.
num_space_uncommitted: 0.
num_chunks_returned_to_freelist: 271.
num_chunks_taken_from_freelist: 2515.
num_chunk_merges: 87.
num_chunk_splits: 1735.
num_chunks_enlarged: 1319.
num_inconsistent_stats: 0.

CodeCache: size=49152Kb used=11387Kb max_used=13069Kb free=37765Kb
 bounds [0x0000018e0b020000, 0x0000018e0bd20000, 0x0000018e0e020000]
 total_blobs=6868 nmethods=6195 adapters=599
 compilation: enabled
              stopped_count=0, restarted_count=0
 full_count=0

Compilation events (20 events):
Event: 9419.312 Thread 0x0000018e18a5a660 6171       1       java.util.concurrent.ScheduledThreadPoolExecutor$DelayedWorkQueue::add (6 bytes)
Event: 9419.312 Thread 0x0000018e132e5b10 6165       1       java.util.concurrent.locks.ReentrantLock::lockInterruptibly (8 bytes)
Event: 9419.312 Thread 0x0000018e18a58540 nmethod 6182 0x0000018e0b183f90 code [0x0000018e0b184140, 0x0000018e0b1842e8]
Event: 9419.312 Thread 0x0000018e18a58540 6166       1       java.util.concurrent.locks.ReentrantLock$Sync::lockInterruptibly (27 bytes)
Event: 9419.312 Thread 0x0000018e18a5a660 nmethod 6171 0x0000018e0b183c90 code [0x0000018e0b183e20, 0x0000018e0b183f08]
Event: 9419.312 Thread 0x0000018e18a58540 nmethod 6166 0x0000018e0b183790 code [0x0000018e0b183960, 0x0000018e0b183b58]
Event: 9419.312 Thread 0x0000018e132e5b10 nmethod 6165 0x0000018e0b183210 code [0x0000018e0b1833e0, 0x0000018e0b1835f8]
Event: 9419.313 Thread 0x0000018e19c0f430 nmethod 6178 0x0000018e0b182190 code [0x0000018e0b182400, 0x0000018e0b182d38]
Event: 9444.671 Thread 0x0000018e132e5b10 6188       1       java.lang.invoke.LambdaForm$MH/0x00000001000cc400::invoke (27 bytes)
Event: 9444.672 Thread 0x0000018e132e5b10 nmethod 6188 0x0000018e0b181d90 code [0x0000018e0b181f40, 0x0000018e0b182098]
Event: 9444.672 Thread 0x0000018e132e5b10 6189       1       java.lang.StringConcatHelper::newArrayWithSuffix (40 bytes)
Event: 9444.672 Thread 0x0000018e132e5b10 nmethod 6189 0x0000018e0b181790 code [0x0000018e0b181960, 0x0000018e0b181bd8]
Event: 9570.000 Thread 0x0000018e132e5b10 6191       1       java.io.FileDescriptor$1::setHandle (6 bytes)
Event: 9570.016 Thread 0x0000018e132e5b10 nmethod 6191 0x0000018e0b181010 code [0x0000018e0b1811a0, 0x0000018e0b1812e8]
Event: 9570.016 Thread 0x0000018e132e5b10 6192       1       java.io.FileDescriptor::setHandle (33 bytes)
Event: 9570.017 Thread 0x0000018e132e5b10 nmethod 6192 0x0000018e0b180c90 code [0x0000018e0b180e20, 0x0000018e0b180f68]
Event: 9570.017 Thread 0x0000018e132e5b10 6193       1       java.io.FileDescriptor$1::registerCleanup (5 bytes)
Event: 9570.017 Thread 0x0000018e132e5b10 nmethod 6193 0x0000018e0b180990 code [0x0000018e0b180b20, 0x0000018e0b180c08]
Event: 9598.194 Thread 0x0000018e132e5b10 6194       1       java.util.concurrent.locks.LockSupport::parkNanos (29 bytes)
Event: 9598.194 Thread 0x0000018e132e5b10 nmethod 6194 0x0000018e0b180590 code [0x0000018e0b180740, 0x0000018e0b180928]

GC Heap History (20 events):
Event: 9549.512 GC heap before
{Heap before GC invocations=76 (full 57):
 garbage-first heap   total 86016K, used 34304K [0x00000000c0000000, 0x0000000100000000)
  region size 1024K, 1 young (1024K), 0 survivors (0K)
 Metaspace       used 58319K, committed 58880K, reserved 1114112K
  class space    used 7214K, committed 7488K, reserved 1048576K
}
Event: 9549.580 GC heap after
{Heap after GC invocations=77 (full 58):
 garbage-first heap   total 86016K, used 34304K [0x00000000c0000000, 0x0000000100000000)
  region size 1024K, 0 young (0K), 0 survivors (0K)
 Metaspace       used 58319K, committed 58880K, reserved 1114112K
  class space    used 7214K, committed 7488K, reserved 1048576K
}
Event: 9559.912 GC heap before
{Heap before GC invocations=77 (full 58):
 garbage-first heap   total 86016K, used 34304K [0x00000000c0000000, 0x0000000100000000)
  region size 1024K, 1 young (1024K), 0 survivors (0K)
 Metaspace       used 58319K, committed 58880K, reserved 1114112K
  class space    used 7214K, committed 7488K, reserved 1048576K
}
Event: 9559.977 GC heap after
{Heap after GC invocations=78 (full 59):
 garbage-first heap   total 86016K, used 34304K [0x00000000c0000000, 0x0000000100000000)
  region size 1024K, 0 young (0K), 0 survivors (0K)
 Metaspace       used 58319K, committed 58880K, reserved 1114112K
  class space    used 7214K, committed 7488K, reserved 1048576K
}
Event: 9570.273 GC heap before
{Heap before GC invocations=78 (full 59):
 garbage-first heap   total 86016K, used 34304K [0x00000000c0000000, 0x0000000100000000)
  region size 1024K, 1 young (1024K), 0 survivors (0K)
 Metaspace       used 58319K, committed 58880K, reserved 1114112K
  class space    used 7214K, committed 7488K, reserved 1048576K
}
Event: 9570.341 GC heap after
{Heap after GC invocations=79 (full 60):
 garbage-first heap   total 86016K, used 34304K [0x00000000c0000000, 0x0000000100000000)
  region size 1024K, 0 young (0K), 0 survivors (0K)
 Metaspace       used 58319K, committed 58880K, reserved 1114112K
  class space    used 7214K, committed 7488K, reserved 1048576K
}
Event: 9580.719 GC heap before
{Heap before GC invocations=79 (full 60):
 garbage-first heap   total 86016K, used 34304K [0x00000000c0000000, 0x0000000100000000)
  region size 1024K, 1 young (1024K), 0 survivors (0K)
 Metaspace       used 58319K, committed 58880K, reserved 1114112K
  class space    used 7214K, committed 7488K, reserved 1048576K
}
Event: 9580.799 GC heap after
{Heap after GC invocations=80 (full 61):
 garbage-first heap   total 86016K, used 34304K [0x00000000c0000000, 0x0000000100000000)
  region size 1024K, 0 young (0K), 0 survivors (0K)
 Metaspace       used 58319K, committed 58880K, reserved 1114112K
  class space    used 7214K, committed 7488K, reserved 1048576K
}
Event: 9591.096 GC heap before
{Heap before GC invocations=80 (full 61):
 garbage-first heap   total 86016K, used 34304K [0x00000000c0000000, 0x0000000100000000)
  region size 1024K, 1 young (1024K), 0 survivors (0K)
 Metaspace       used 58319K, committed 58880K, reserved 1114112K
  class space    used 7214K, committed 7488K, reserved 1048576K
}
Event: 9591.162 GC heap after
{Heap after GC invocations=81 (full 62):
 garbage-first heap   total 86016K, used 34304K [0x00000000c0000000, 0x0000000100000000)
  region size 1024K, 0 young (0K), 0 survivors (0K)
 Metaspace       used 58319K, committed 58880K, reserved 1114112K
  class space    used 7214K, committed 7488K, reserved 1048576K
}
Event: 9601.473 GC heap before
{Heap before GC invocations=81 (full 62):
 garbage-first heap   total 86016K, used 34304K [0x00000000c0000000, 0x0000000100000000)
  region size 1024K, 1 young (1024K), 0 survivors (0K)
 Metaspace       used 58319K, committed 58880K, reserved 1114112K
  class space    used 7214K, committed 7488K, reserved 1048576K
}
Event: 9601.546 GC heap after
{Heap after GC invocations=82 (full 63):
 garbage-first heap   total 86016K, used 34304K [0x00000000c0000000, 0x0000000100000000)
  region size 1024K, 0 young (0K), 0 survivors (0K)
 Metaspace       used 58319K, committed 58880K, reserved 1114112K
  class space    used 7214K, committed 7488K, reserved 1048576K
}
Event: 9611.817 GC heap before
{Heap before GC invocations=82 (full 63):
 garbage-first heap   total 86016K, used 34304K [0x00000000c0000000, 0x0000000100000000)
  region size 1024K, 1 young (1024K), 0 survivors (0K)
 Metaspace       used 58319K, committed 58880K, reserved 1114112K
  class space    used 7214K, committed 7488K, reserved 1048576K
}
Event: 9611.866 GC heap after
{Heap after GC invocations=83 (full 64):
 garbage-first heap   total 86016K, used 34304K [0x00000000c0000000, 0x0000000100000000)
  region size 1024K, 0 young (0K), 0 survivors (0K)
 Metaspace       used 58319K, committed 58880K, reserved 1114112K
  class space    used 7214K, committed 7488K, reserved 1048576K
}
Event: 9622.082 GC heap before
{Heap before GC invocations=83 (full 64):
 garbage-first heap   total 86016K, used 34304K [0x00000000c0000000, 0x0000000100000000)
  region size 1024K, 1 young (1024K), 0 survivors (0K)
 Metaspace       used 58319K, committed 58880K, reserved 1114112K
  class space    used 7214K, committed 7488K, reserved 1048576K
}
Event: 9622.124 GC heap after
{Heap after GC invocations=84 (full 65):
 garbage-first heap   total 86016K, used 34304K [0x00000000c0000000, 0x0000000100000000)
  region size 1024K, 0 young (0K), 0 survivors (0K)
 Metaspace       used 58319K, committed 58880K, reserved 1114112K
  class space    used 7214K, committed 7488K, reserved 1048576K
}
Event: 9632.387 GC heap before
{Heap before GC invocations=84 (full 65):
 garbage-first heap   total 86016K, used 34304K [0x00000000c0000000, 0x0000000100000000)
  region size 1024K, 1 young (1024K), 0 survivors (0K)
 Metaspace       used 58319K, committed 58880K, reserved 1114112K
  class space    used 7214K, committed 7488K, reserved 1048576K
}
Event: 9632.455 GC heap after
{Heap after GC invocations=85 (full 66):
 garbage-first heap   total 86016K, used 34304K [0x00000000c0000000, 0x0000000100000000)
  region size 1024K, 0 young (0K), 0 survivors (0K)
 Metaspace       used 58319K, committed 58880K, reserved 1114112K
  class space    used 7214K, committed 7488K, reserved 1048576K
}
Event: 9642.741 GC heap before
{Heap before GC invocations=85 (full 66):
 garbage-first heap   total 86016K, used 34304K [0x00000000c0000000, 0x0000000100000000)
  region size 1024K, 1 young (1024K), 0 survivors (0K)
 Metaspace       used 58319K, committed 58880K, reserved 1114112K
  class space    used 7214K, committed 7488K, reserved 1048576K
}
Event: 9642.811 GC heap after
{Heap after GC invocations=86 (full 67):
 garbage-first heap   total 86016K, used 34304K [0x00000000c0000000, 0x0000000100000000)
  region size 1024K, 0 young (0K), 0 survivors (0K)
 Metaspace       used 58319K, committed 58880K, reserved 1114112K
  class space    used 7214K, committed 7488K, reserved 1048576K
}

Dll operation events (9 events):
Event: 0.027 Loaded shared library c:\Users\willi\.vscode\extensions\redhat.java-1.26.0-win32-x64\jre\17.0.9-win32-x86_64\bin\java.dll
Event: 0.997 Loaded shared library C:\Users\willi\.vscode\extensions\redhat.java-1.26.0-win32-x64\jre\17.0.9-win32-x86_64\bin\net.dll
Event: 1.000 Loaded shared library C:\Users\willi\.vscode\extensions\redhat.java-1.26.0-win32-x64\jre\17.0.9-win32-x86_64\bin\nio.dll
Event: 1.016 Loaded shared library C:\Users\willi\.vscode\extensions\redhat.java-1.26.0-win32-x64\jre\17.0.9-win32-x86_64\bin\zip.dll
Event: 2.383 Loaded shared library C:\Users\willi\.vscode\extensions\redhat.java-1.26.0-win32-x64\jre\17.0.9-win32-x86_64\bin\jimage.dll
Event: 7.712 Loaded shared library c:\Users\willi\.vscode\extensions\redhat.java-1.26.0-win32-x64\jre\17.0.9-win32-x86_64\bin\verify.dll
Event: 8.291 Loaded shared library C:\Users\willi\.vscode\extensions\redhat.java-1.26.0-win32-x64\jre\17.0.9-win32-x86_64\bin\management.dll
Event: 8.297 Loaded shared library C:\Users\willi\.vscode\extensions\redhat.java-1.26.0-win32-x64\jre\17.0.9-win32-x86_64\bin\management_ext.dll
Event: 10.270 Loaded shared library C:\Users\willi\.vscode\extensions\redhat.java-1.26.0-win32-x64\jre\17.0.9-win32-x86_64\bin\sunmscapi.dll

Deoptimization events (20 events):
Event: 10.786 Thread 0x0000018e18d86320 DEOPT PACKING pc=0x0000018e0b86affd sp=0x0000007c919fe610
Event: 10.786 Thread 0x0000018e18d86320 DEOPT UNPACKING pc=0x0000018e0b077143 sp=0x0000007c919fdb90 mode 3
Event: 11.115 Thread 0x0000018e18d83080 DEOPT PACKING pc=0x0000018e0b93ce6e sp=0x0000007c91efd650
Event: 11.115 Thread 0x0000018e18d83080 DEOPT UNPACKING pc=0x0000018e0b077143 sp=0x0000007c91efcb48 mode 3
Event: 11.472 Thread 0x0000018e18d86320 DEOPT PACKING pc=0x0000018e0b992bcf sp=0x0000007c919fe310
Event: 11.472 Thread 0x0000018e18d86320 DEOPT UNPACKING pc=0x0000018e0b077143 sp=0x0000007c919fd800 mode 3
Event: 12.520 Thread 0x0000018e18d86320 DEOPT PACKING pc=0x0000018e0b9b5978 sp=0x0000007c919fc820
Event: 12.520 Thread 0x0000018e18d86320 DEOPT UNPACKING pc=0x0000018e0b077143 sp=0x0000007c919fbcd8 mode 3
Event: 12.520 Thread 0x0000018e18d86320 DEOPT PACKING pc=0x0000018e0b9b9804 sp=0x0000007c919fc730
Event: 12.520 Thread 0x0000018e18d86320 DEOPT UNPACKING pc=0x0000018e0b077143 sp=0x0000007c919fbc10 mode 3
Event: 13.112 Thread 0x0000018e18d86320 DEOPT PACKING pc=0x0000018e0bab250c sp=0x0000007c919fe2c0
Event: 13.112 Thread 0x0000018e18d86320 DEOPT UNPACKING pc=0x0000018e0b077143 sp=0x0000007c919fd840 mode 0
Event: 13.112 Thread 0x0000018e18d86320 DEOPT PACKING pc=0x0000018e0bab250c sp=0x0000007c919fe520
Event: 13.112 Thread 0x0000018e18d86320 DEOPT UNPACKING pc=0x0000018e0b077143 sp=0x0000007c919fdaa0 mode 0
Event: 13.120 Thread 0x0000018e18d86320 DEOPT PACKING pc=0x0000018e0bab250c sp=0x0000007c919fe9a0
Event: 13.120 Thread 0x0000018e18d86320 DEOPT UNPACKING pc=0x0000018e0b077143 sp=0x0000007c919fdf20 mode 0
Event: 92.109 Thread 0x0000018e18d3a190 DEOPT PACKING pc=0x0000018e0b5938d4 sp=0x0000007c912feb80
Event: 92.109 Thread 0x0000018e18d3a190 DEOPT UNPACKING pc=0x0000018e0b077143 sp=0x0000007c912fe008 mode 0
Event: 388.504 Thread 0x0000018e19080660 DEOPT PACKING pc=0x0000018e0b1b9e20 sp=0x0000007c906fda80
Event: 388.504 Thread 0x0000018e19080660 DEOPT UNPACKING pc=0x0000018e0b077143 sp=0x0000007c906fcf00 mode 3

Classes unloaded (20 events):
Event: 68.843 Thread 0x0000018e1317b5f0 Unloading class 0x00000001000d4800 'java/lang/invoke/LambdaForm$MH+0x00000001000d4800'
Event: 68.843 Thread 0x0000018e1317b5f0 Unloading class 0x00000001000d4400 'java/lang/invoke/LambdaForm$MH+0x00000001000d4400'
Event: 68.843 Thread 0x0000018e1317b5f0 Unloading class 0x00000001000ce800 'java/lang/invoke/LambdaForm$MH+0x00000001000ce800'
Event: 68.843 Thread 0x0000018e1317b5f0 Unloading class 0x00000001000ce400 'java/lang/invoke/LambdaForm$MH+0x00000001000ce400'
Event: 68.844 Thread 0x0000018e1317b5f0 Unloading class 0x00000001000ce000 'java/lang/invoke/LambdaForm$MH+0x00000001000ce000'
Event: 68.844 Thread 0x0000018e1317b5f0 Unloading class 0x00000001000cdc00 'java/lang/invoke/LambdaForm$MH+0x00000001000cdc00'
Event: 68.844 Thread 0x0000018e1317b5f0 Unloading class 0x00000001000cd800 'java/lang/invoke/LambdaForm$MH+0x00000001000cd800'
Event: 68.844 Thread 0x0000018e1317b5f0 Unloading class 0x00000001000cd400 'java/lang/invoke/LambdaForm$MH+0x00000001000cd400'
Event: 68.844 Thread 0x0000018e1317b5f0 Unloading class 0x00000001000ccc00 'java/lang/invoke/LambdaForm$MH+0x00000001000ccc00'
Event: 68.844 Thread 0x0000018e1317b5f0 Unloading class 0x00000001000cc800 'java/lang/invoke/LambdaForm$MH+0x00000001000cc800'
Event: 68.844 Thread 0x0000018e1317b5f0 Unloading class 0x00000001000cc000 'java/lang/invoke/LambdaForm$MH+0x00000001000cc000'
Event: 68.844 Thread 0x0000018e1317b5f0 Unloading class 0x00000001000cbc00 'java/lang/invoke/LambdaForm$MH+0x00000001000cbc00'
Event: 68.844 Thread 0x0000018e1317b5f0 Unloading class 0x00000001000c8400 'java/lang/invoke/LambdaForm$MH+0x00000001000c8400'
Event: 129.542 Thread 0x0000018e1317b5f0 Unloading class 0x0000000100404400 'java/lang/invoke/LambdaForm$MH+0x0000000100404400'
Event: 129.542 Thread 0x0000018e1317b5f0 Unloading class 0x000000010045c400 'java/lang/invoke/LambdaForm$MH+0x000000010045c400'
Event: 129.542 Thread 0x0000018e1317b5f0 Unloading class 0x000000010051c000 'java/lang/invoke/LambdaForm$MH+0x000000010051c000'
Event: 129.542 Thread 0x0000018e1317b5f0 Unloading class 0x0000000100531000 'java/lang/invoke/LambdaForm$MH+0x0000000100531000'
Event: 149.910 Thread 0x0000018e1317b5f0 Unloading class 0x0000000100408000 'java/lang/invoke/LambdaForm$MH+0x0000000100408000'
Event: 149.910 Thread 0x0000018e1317b5f0 Unloading class 0x00000001004e9800 'java/lang/invoke/LambdaForm$MH+0x00000001004e9800'
Event: 149.910 Thread 0x0000018e1317b5f0 Unloading class 0x0000000100531800 'java/lang/invoke/LambdaForm$MH+0x0000000100531800'

Classes redefined (0 events):
No events

Internal exceptions (20 events):
Event: 13.183 Thread 0x0000018e18d86320 Exception <a 'sun/nio/fs/WindowsException'{0x00000000c4bada40}> (0x00000000c4bada40) 
thrown [s\src\hotspot\share\prims\jni.cpp, line 516]
Event: 13.183 Thread 0x0000018e18d86320 Exception <a 'sun/nio/fs/WindowsException'{0x00000000c4bae3c0}> (0x00000000c4bae3c0) 
thrown [s\src\hotspot\share\prims\jni.cpp, line 516]
Event: 13.184 Thread 0x0000018e18d86320 Exception <a 'sun/nio/fs/WindowsException'{0x00000000c4baed00}> (0x00000000c4baed00) 
thrown [s\src\hotspot\share\prims\jni.cpp, line 516]
Event: 13.184 Thread 0x0000018e18d86320 Exception <a 'sun/nio/fs/WindowsException'{0x00000000c4baf680}> (0x00000000c4baf680) 
thrown [s\src\hotspot\share\prims\jni.cpp, line 516]
Event: 13.185 Thread 0x0000018e18d86320 Exception <a 'sun/nio/fs/WindowsException'{0x00000000c4bb00c8}> (0x00000000c4bb00c8) 
thrown [s\src\hotspot\share\prims\jni.cpp, line 516]
Event: 13.185 Thread 0x0000018e18d86320 Exception <a 'sun/nio/fs/WindowsException'{0x00000000c4bb0bb0}> (0x00000000c4bb0bb0) 
thrown [s\src\hotspot\share\prims\jni.cpp, line 516]
Event: 13.187 Thread 0x0000018e18d86320 Exception <a 'sun/nio/fs/WindowsException'{0x00000000c4bb7e70}> (0x00000000c4bb7e70) 
thrown [s\src\hotspot\share\prims\jni.cpp, line 516]
Event: 13.187 Thread 0x0000018e18d86320 Exception <a 'sun/nio/fs/WindowsException'{0x00000000c4bb87f0}> (0x00000000c4bb87f0) 
thrown [s\src\hotspot\share\prims\jni.cpp, line 516]
Event: 13.187 Thread 0x0000018e18d86320 Exception <a 'sun/nio/fs/WindowsException'{0x00000000c4bb9130}> (0x00000000c4bb9130) 
thrown [s\src\hotspot\share\prims\jni.cpp, line 516]
Event: 13.187 Thread 0x0000018e18d86320 Exception <a 'sun/nio/fs/WindowsException'{0x00000000c4bb9ab0}> (0x00000000c4bb9ab0) 
thrown [s\src\hotspot\share\prims\jni.cpp, line 516]
Event: 13.188 Thread 0x0000018e18d86320 Exception <a 'sun/nio/fs/WindowsException'{0x00000000c4bba4f8}> (0x00000000c4bba4f8) 
thrown [s\src\hotspot\share\prims\jni.cpp, line 516]
Event: 13.188 Thread 0x0000018e18d86320 Exception <a 'sun/nio/fs/WindowsException'{0x00000000c4bbafe0}> (0x00000000c4bbafe0) 
thrown [s\src\hotspot\share\prims\jni.cpp, line 516]
Event: 13.212 Thread 0x0000018e18d86320 Exception <a 'sun/nio/fs/WindowsException'{0x00000000c4bef700}> (0x00000000c4bef700) 
thrown [s\src\hotspot\share\prims\jni.cpp, line 516]
Event: 48.290 Thread 0x0000018e18bea350 Exception <a 'java/lang/NoSuchMethodError'{0x00000000c4a254d0}: 'void java.lang.invoke.DirectMethodHandle$Holder.invokeStatic(java.lang.Object, long)'> (0x00000000c4a254d0) 
thrown [s\src\hotspot\share\interpreter\linkResolver.cpp, line 759]
Event: 48.291 Thread 0x0000018e18bea350 Exception <a 'java/lang/NoSuchMethodError'{0x00000000c4a2a880}: 'java.lang.Object java.lang.invoke.DirectMethodHandle$Holder.newInvokeSpecial(java.lang.Object, long)'> (0x00000000c4a2a880) 
thrown [s\src\hotspot\share\interpreter\linkResolver.cpp, line 759]
Event: 311.678 Thread 0x0000018e1907dde0 Exception <a 'java/io/IOException'{0x00000000c7d84f08}> (0x00000000c7d84f08) 
thrown [s\src\hotspot\share\prims\jni.cpp, line 516]
Event: 312.126 Thread 0x0000018e1907d3c0 Exception <a 'java/io/IOException'{0x00000000c7d8eaa0}> (0x00000000c7d8eaa0) 
thrown [s\src\hotspot\share\prims\jni.cpp, line 516]
Event: 312.492 Thread 0x0000018e1907ceb0 Exception <a 'java/io/IOException'{0x00000000c7d9d628}> (0x00000000c7d9d628) 
thrown [s\src\hotspot\share\prims\jni.cpp, line 516]
Event: 388.504 Thread 0x0000018e19080660 Implicit null exception at 0x0000018e0b1b9bda to 0x0000018e0b1b9e1b
Event: 9652.844 Thread 0x0000018e18bea350 Exception <a 'java/io/IOException'{0x00000000c7d00638}: CreateProcess error=1455, O arquivo de paginação é muito pequeno para que esta operação seja concluída> (0x00000000c7d00638) 
thrown [s\src\hotspot\share\prims\jni.cpp, line 535]

VM Operations (20 events):
Event: 9549.580 Executing VM operation: G1CollectFull done
Event: 9559.912 Executing VM operation: G1CollectFull
Event: 9559.977 Executing VM operation: G1CollectFull done
Event: 9570.273 Executing VM operation: G1CollectFull
Event: 9570.341 Executing VM operation: G1CollectFull done
Event: 9580.719 Executing VM operation: G1CollectFull
Event: 9580.800 Executing VM operation: G1CollectFull done
Event: 9591.096 Executing VM operation: G1CollectFull
Event: 9591.162 Executing VM operation: G1CollectFull done
Event: 9601.473 Executing VM operation: G1CollectFull
Event: 9601.546 Executing VM operation: G1CollectFull done
Event: 9611.817 Executing VM operation: G1CollectFull
Event: 9611.866 Executing VM operation: G1CollectFull done
Event: 9622.082 Executing VM operation: G1CollectFull
Event: 9622.124 Executing VM operation: G1CollectFull done
Event: 9632.387 Executing VM operation: G1CollectFull
Event: 9632.455 Executing VM operation: G1CollectFull done
Event: 9642.741 Executing VM operation: G1CollectFull
Event: 9642.812 Executing VM operation: G1CollectFull done
Event: 9663.184 Executing VM operation: G1CollectFull

Events (20 events):
Event: 311.676 loading class sun/security/ssl/Alert$Level done
Event: 311.678 loading class sun/net/ConnectionResetException
Event: 311.678 loading class sun/net/ConnectionResetException done
Event: 371.690 Thread 0x0000018e19080660 Thread exited: 0x0000018e19080660
Event: 372.134 Thread 0x0000018e1907d3c0 Thread exited: 0x0000018e1907d3c0
Event: 372.134 Thread 0x0000018e1907b050 Thread exited: 0x0000018e1907b050
Event: 372.497 Thread 0x0000018e1907dde0 Thread exited: 0x0000018e1907dde0
Event: 372.497 Thread 0x0000018e1907ceb0 Thread exited: 0x0000018e1907ceb0
Event: 388.469 Thread 0x0000018e19080150 Thread added: 0x0000018e19080150
Event: 388.472 Thread 0x0000018e19080660 Thread added: 0x0000018e19080660
Event: 404.083 Thread 0x0000018e1907ceb0 Thread added: 0x0000018e1907ceb0
Event: 448.522 Thread 0x0000018e19080660 Thread exited: 0x0000018e19080660
Event: 464.091 Thread 0x0000018e1907ceb0 Thread exited: 0x0000018e1907ceb0
Event: 473.722 Thread 0x0000018e19080150 Thread exited: 0x0000018e19080150
Event: 9419.309 Thread 0x0000018e19c0f430 Thread added: 0x0000018e19c0f430
Event: 9419.309 Thread 0x0000018e18a5a660 Thread added: 0x0000018e18a5a660
Event: 9419.309 Thread 0x0000018e18a58540 Thread added: 0x0000018e18a58540
Event: 9424.312 Thread 0x0000018e18a58540 Thread exited: 0x0000018e18a58540
Event: 9429.314 Thread 0x0000018e18a5a660 Thread exited: 0x0000018e18a5a660
Event: 9429.314 Thread 0x0000018e19c0f430 Thread exited: 0x0000018e19c0f430


Dynamic libraries:
0x00007ff7466d0000 - 0x00007ff7466de000 	c:\Users\willi\.vscode\extensions\redhat.java-1.26.0-win32-x64\jre\17.0.9-win32-x86_64\bin\java.exe
0x00007ffb2cd70000 - 0x00007ffb2cf87000 	C:\WINDOWS\SYSTEM32\ntdll.dll
0x00007ffb2b600000 - 0x00007ffb2b6c4000 	C:\WINDOWS\System32\KERNEL32.DLL
0x00007ffb2a4f0000 - 0x00007ffb2a896000 	C:\WINDOWS\System32\KERNELBASE.dll
0x00007ffb2a200000 - 0x00007ffb2a311000 	C:\WINDOWS\System32\ucrtbase.dll
0x00007ffb22760000 - 0x00007ffb22777000 	c:\Users\willi\.vscode\extensions\redhat.java-1.26.0-win32-x64\jre\17.0.9-win32-x86_64\bin\jli.dll
0x00007ffb1fc10000 - 0x00007ffb1fc2b000 	c:\Users\willi\.vscode\extensions\redhat.java-1.26.0-win32-x64\jre\17.0.9-win32-x86_64\bin\VCRUNTIME140.dll
0x00007ffb2c160000 - 0x00007ffb2c30e000 	C:\WINDOWS\System32\USER32.dll
0x00007ffb07b30000 - 0x00007ffb07dc3000 	C:\WINDOWS\WinSxS\amd64_microsoft.windows.common-controls_6595b64144ccf1df_6.0.22621.2506_none_270c5ae97388e100\COMCTL32.dll
0x00007ffb2b360000 - 0x00007ffb2b407000 	C:\WINDOWS\System32\msvcrt.dll
0x00007ffb2a0b0000 - 0x00007ffb2a0d6000 	C:\WINDOWS\System32\win32u.dll
0x00007ffb2b540000 - 0x00007ffb2b569000 	C:\WINDOWS\System32\GDI32.dll
0x00007ffb2a0e0000 - 0x00007ffb2a1f8000 	C:\WINDOWS\System32\gdi32full.dll
0x00007ffb2a390000 - 0x00007ffb2a42a000 	C:\WINDOWS\System32\msvcp_win.dll
0x00007ffb2ad40000 - 0x00007ffb2ad71000 	C:\WINDOWS\System32\IMM32.DLL
0x00007ffb1fc00000 - 0x00007ffb1fc0c000 	c:\Users\willi\.vscode\extensions\redhat.java-1.26.0-win32-x64\jre\17.0.9-win32-x86_64\bin\vcruntime140_1.dll
0x00007ffb11910000 - 0x00007ffb1199d000 	c:\Users\willi\.vscode\extensions\redhat.java-1.26.0-win32-x64\jre\17.0.9-win32-x86_64\bin\msvcp140.dll
0x00007ffad4650000 - 0x00007ffad52b1000 	c:\Users\willi\.vscode\extensions\redhat.java-1.26.0-win32-x64\jre\17.0.9-win32-x86_64\bin\server\jvm.dll
0x00007ffb2b6d0000 - 0x00007ffb2b783000 	C:\WINDOWS\System32\ADVAPI32.dll
0x00007ffb2ac80000 - 0x00007ffb2ad28000 	C:\WINDOWS\System32\sechost.dll
0x00007ffb2aa10000 - 0x00007ffb2aa38000 	C:\WINDOWS\System32\bcrypt.dll
0x00007ffb2b790000 - 0x00007ffb2b8a7000 	C:\WINDOWS\System32\RPCRT4.dll
0x00007ffb29ed0000 - 0x00007ffb29f1d000 	C:\WINDOWS\SYSTEM32\POWRPROF.dll
0x00007ffb0c460000 - 0x00007ffb0c469000 	C:\WINDOWS\SYSTEM32\WSOCK32.dll
0x00007ffb2ac00000 - 0x00007ffb2ac71000 	C:\WINDOWS\System32\WS2_32.dll
0x00007ffb1f930000 - 0x00007ffb1f964000 	C:\WINDOWS\SYSTEM32\WINMM.dll
0x00007ffb1ce30000 - 0x00007ffb1ce3a000 	C:\WINDOWS\SYSTEM32\VERSION.dll
0x00007ffb29db0000 - 0x00007ffb29dc3000 	C:\WINDOWS\SYSTEM32\UMPDC.dll
0x00007ffb290a0000 - 0x00007ffb290b8000 	C:\WINDOWS\SYSTEM32\kernel.appcore.dll
0x00007ffb1fbf0000 - 0x00007ffb1fbfa000 	c:\Users\willi\.vscode\extensions\redhat.java-1.26.0-win32-x64\jre\17.0.9-win32-x86_64\bin\jimage.dll
0x00007ffb24210000 - 0x00007ffb24443000 	C:\WINDOWS\SYSTEM32\DBGHELP.DLL
0x00007ffb2bcd0000 - 0x00007ffb2c059000 	C:\WINDOWS\System32\combase.dll
0x00007ffb2ab20000 - 0x00007ffb2abf7000 	C:\WINDOWS\System32\OLEAUT32.dll
0x00007ffb0c500000 - 0x00007ffb0c532000 	C:\WINDOWS\SYSTEM32\dbgcore.DLL
0x00007ffb2aa40000 - 0x00007ffb2aaba000 	C:\WINDOWS\System32\bcryptPrimitives.dll
0x00007ffb118e0000 - 0x00007ffb11905000 	c:\Users\willi\.vscode\extensions\redhat.java-1.26.0-win32-x64\jre\17.0.9-win32-x86_64\bin\java.dll
0x00007ffb17470000 - 0x00007ffb17488000 	c:\Users\willi\.vscode\extensions\redhat.java-1.26.0-win32-x64\jre\17.0.9-win32-x86_64\bin\zip.dll
0x00007ffb2c4d0000 - 0x00007ffb2cd2a000 	C:\WINDOWS\System32\SHELL32.dll
0x00007ffb27fb0000 - 0x00007ffb288a6000 	C:\WINDOWS\SYSTEM32\windows.storage.dll
0x00007ffb27e70000 - 0x00007ffb27fae000 	C:\WINDOWS\SYSTEM32\wintypes.dll
0x00007ffb2c060000 - 0x00007ffb2c153000 	C:\WINDOWS\System32\SHCORE.dll
0x00007ffb2aac0000 - 0x00007ffb2ab1e000 	C:\WINDOWS\System32\shlwapi.dll
0x00007ffb29fe0000 - 0x00007ffb2a006000 	C:\WINDOWS\SYSTEM32\profapi.dll
0x00007ffb11880000 - 0x00007ffb11899000 	C:\Users\willi\.vscode\extensions\redhat.java-1.26.0-win32-x64\jre\17.0.9-win32-x86_64\bin\net.dll
0x00007ffb1fc60000 - 0x00007ffb1fd97000 	C:\WINDOWS\SYSTEM32\WINHTTP.dll
0x00007ffb29510000 - 0x00007ffb29579000 	C:\WINDOWS\system32\mswsock.dll
0x00007ffb11860000 - 0x00007ffb11876000 	C:\Users\willi\.vscode\extensions\redhat.java-1.26.0-win32-x64\jre\17.0.9-win32-x86_64\bin\nio.dll
0x00007ffb29800000 - 0x00007ffb2981b000 	C:\WINDOWS\SYSTEM32\CRYPTSP.dll
0x00007ffb29000000 - 0x00007ffb29035000 	C:\WINDOWS\system32\rsaenh.dll
0x00007ffb295b0000 - 0x00007ffb295dc000 	C:\WINDOWS\SYSTEM32\USERENV.dll
0x00007ffb29710000 - 0x00007ffb2971c000 	C:\WINDOWS\SYSTEM32\CRYPTBASE.dll
0x00007ffb28b10000 - 0x00007ffb28b3d000 	C:\WINDOWS\SYSTEM32\IPHLPAPI.DLL
0x00007ffb2ad30000 - 0x00007ffb2ad39000 	C:\WINDOWS\System32\NSI.dll
0x00007ffb1f910000 - 0x00007ffb1f929000 	C:\WINDOWS\SYSTEM32\dhcpcsvc6.DLL
0x00007ffb1f830000 - 0x00007ffb1f84f000 	C:\WINDOWS\SYSTEM32\dhcpcsvc.DLL
0x00007ffb28b80000 - 0x00007ffb28c79000 	C:\WINDOWS\SYSTEM32\DNSAPI.dll
0x00007ffb116f0000 - 0x00007ffb11700000 	c:\Users\willi\.vscode\extensions\redhat.java-1.26.0-win32-x64\jre\17.0.9-win32-x86_64\bin\verify.dll
0x00007ffb11520000 - 0x00007ffb11529000 	C:\Users\willi\.vscode\extensions\redhat.java-1.26.0-win32-x64\jre\17.0.9-win32-x86_64\bin\management.dll
0x00007ffb11420000 - 0x00007ffb1142b000 	C:\Users\willi\.vscode\extensions\redhat.java-1.26.0-win32-x64\jre\17.0.9-win32-x86_64\bin\management_ext.dll
0x00007ffb2aed0000 - 0x00007ffb2aed8000 	C:\WINDOWS\System32\PSAPI.DLL
0x00007ffb0f9b0000 - 0x00007ffb0f9be000 	C:\Users\willi\.vscode\extensions\redhat.java-1.26.0-win32-x64\jre\17.0.9-win32-x86_64\bin\sunmscapi.dll
0x00007ffb2a8a0000 - 0x00007ffb2aa06000 	C:\WINDOWS\System32\CRYPT32.dll
0x00007ffb298f0000 - 0x00007ffb2991e000 	C:\WINDOWS\SYSTEM32\ncrypt.dll
0x00007ffb298a0000 - 0x00007ffb298d7000 	C:\WINDOWS\SYSTEM32\NTASN1.dll
0x00007ffb1fef0000 - 0x00007ffb1fefa000 	C:\Windows\System32\rasadhlp.dll
0x00007ffb1eda0000 - 0x00007ffb1ee23000 	C:\WINDOWS\System32\fwpuclnt.dll

dbghelp: loaded successfully - version: 4.0.5 - missing functions: none
symbol engine: initialized successfully - sym options: 0x614 - pdb path: .;c:\Users\willi\.vscode\extensions\redhat.java-1.26.0-win32-x64\jre\17.0.9-win32-x86_64\bin;C:\WINDOWS\SYSTEM32;C:\WINDOWS\WinSxS\amd64_microsoft.windows.common-controls_6595b64144ccf1df_6.0.22621.2506_none_270c5ae97388e100;c:\Users\willi\.vscode\extensions\redhat.java-1.26.0-win32-x64\jre\17.0.9-win32-x86_64\bin\server

VM Arguments:
jvm_args: -XX:+HeapDumpOnOutOfMemoryError -Xmx1024m -Dsts.lsp.client=vscode -Dsts.log.file=/dev/null -XX:TieredStopAtLevel=1 -Xlog:jni+resolve=off -Dspring.config.location=file:c:\Users\willi\.vscode\extensions\vmware.vscode-spring-boot-1.51.0\language-server\BOOT-INF\classes\application.properties 
java_command: org.springframework.ide.vscode.boot.app.BootLanguageServerBootApp
java_class_path (initial): c:\Users\willi\.vscode\extensions\vmware.vscode-spring-boot-1.51.0\language-server\BOOT-INF\classes;c:\Users\willi\.vscode\extensions\vmware.vscode-spring-boot-1.51.0\language-server\BOOT-INF\lib\annotations-24.1.0.jar;c:\Users\willi\.vscode\extensions\vmware.vscode-spring-boot-1.51.0\language-server\BOOT-INF\lib\antlr-runtime-3.5.3.jar;c:\Users\willi\.vscode\extensions\vmware.vscode-spring-boot-1.51.0\language-server\BOOT-INF\lib\antlr4-4.11.1.jar;c:\Users\willi\.vscode\extensions\vmware.vscode-spring-boot-1.51.0\language-server\BOOT-INF\lib\antlr4-runtime-4.11.1.jar;c:\Users\willi\.vscode\extensions\vmware.vscode-spring-boot-1.51.0\language-server\BOOT-INF\lib\asm-9.6.jar;c:\Users\willi\.vscode\extensions\vmware.vscode-spring-boot-1.51.0\language-server\BOOT-INF\lib\asm-analysis-9.6.jar;c:\Users\willi\.vscode\extensions\vmware.vscode-spring-boot-1.51.0\language-server\BOOT-INF\lib\asm-tree-9.6.jar;c:\Users\willi\.vscode\extensions\vmware.vscode-spring-boot-1.51.0\language-server\BOOT-INF\lib\asm-util-9.6.jar;c:\Users\willi\.vscode\extensions\vmware.vscode-spring-boot-1.51.0\language-server\BOOT-INF\lib\bosh-language-server-1.51.0-SNAPSHOT.jar;c:\Users\willi\.vscode\extensions\vmware.vscode-spring-boot-1.51.0\language-server\BOOT-INF\lib\caffeine-3.1.8.jar;c:\Users\willi\.vscode\extensions\vmware.vscode-spring-boot-1.51.0\language-server\BOOT-INF\lib\checker-qual-3.12.0.jar;c:\Users\willi\.vscode\extensions\vmware.vscode-spring-boot-1.51.0\language-server\BOOT-INF\lib\classgraph-4.8.149.jar;c:\Users\willi\.vscode\extensions\vmware.vscode-spring-boot-1.51.0\language-server\BOOT-INF\lib\commons-codec-1.15.jar;c:\Users\willi\.vscode\extensions\vmware.vscode-spring-boot-1.51.0\language-server\BOOT-INF\lib\commons-compress-1.25.0.jar;c:\Users\willi\.vscode\extensions\vmware.vscode-spring-boot-1.51.0\language-server\BOOT-INF\lib\commons-io-2.4.jar;c:\Users\willi\.vscode\extensions\vmware.vscode-spring-boot-1.51.0\language-server\BOOT-INF\lib\
Launcher Type: SUN_STANDARD

[Global flags]
     intx CICompilerCount                          = 4                                         {product} {ergonomic}
     uint ConcGCThreads                            = 2                                         {product} {ergonomic}
     uint G1ConcRefinementThreads                  = 8                                         {product} {ergonomic}
   size_t G1HeapRegionSize                         = 1048576                                   {product} {ergonomic}
    uintx GCDrainStackTargetSize                   = 64                                        {product} {ergonomic}
     bool HeapDumpOnOutOfMemoryError               = true                                   {manageable} {command line}
   size_t InitialHeapSize                          = 132120576                                 {product} {ergonomic}
   size_t MarkStackSize                            = 4194304                                   {product} {ergonomic}
   size_t MaxHeapSize                              = 1073741824                                {product} {command line}
   size_t MaxNewSize                               = 643825664                                 {product} {ergonomic}
   size_t MinHeapDeltaBytes                        = 1048576                                   {product} {ergonomic}
   size_t MinHeapSize                              = 8388608                                   {product} {ergonomic}
    uintx NonProfiledCodeHeapSize                  = 0                                      {pd product} {ergonomic}
     bool ProfileInterpreter                       = false                                  {pd product} {command line}
    uintx ProfiledCodeHeapSize                     = 0                                      {pd product} {ergonomic}
   size_t SoftMaxHeapSize                          = 1073741824                             {manageable} {ergonomic}
     intx TieredStopAtLevel                        = 1                                         {product} {command line}
     bool UseCompressedClassPointers               = true                           {product lp64_product} {ergonomic}
     bool UseCompressedOops                        = true                           {product lp64_product} {ergonomic}
     bool UseG1GC                                  = true                                      {product} {ergonomic}
     bool UseLargePagesIndividualAllocation        = false                                  {pd product} {ergonomic}

Logging:
Log output configuration:
 #0: stdout all=warning,jni+resolve=off uptime,level,tags
 #1: stderr all=off uptime,level,tags

Environment Variables:
JAVA_HOME=D:\Linguagens\Linguagem Java\jdk-21.0.1
PATH=D:\Linguagens\Linguagem Java\jdk-21.0.1\bin;C:\Program Files\Common Files\Oracle\Java\javapath;C:\Program Files (x86)\Common Files\Oracle\Java\javapath;C:\Program Files\Microsoft\jdk-11.0.12.7-hotspot\bin;C:\Windows\system32;C:\Windows;C:\Windows\System32\Wbem;C:\Windows\System32\WindowsPowerShell\v1.0\;C:\Windows\System32\OpenSSH\;C:\Program Files\Microsoft SQL Server\150\Tools\Binn\;C:\Program Files\Microsoft SQL Server\Client SDK\ODBC\170\Tools\Binn\;C:\Program Files\dotnet\;C:\ProgramData\Microsoft\Windows\Start Menu\Programs\MySQL;D:\Linguagens\Linguagem C\bin;C:\WINDOWS\system32;C:\WINDOWS;C:\WINDOWS\System32\Wbem;C:\WINDOWS\System32\WindowsPowerShell\v1.0\;C:\WINDOWS\System32\OpenSSH\;D:\Git\cmd;C:\Program Files\nodejs\;C:\Users\willi\AppData\Local\Android\Sdk\emulator;C:\Users\willi\AppData\Local\Android\Sdk\platform-tools;;C:\Program Files\Docker\Docker\resources\bin;C:\Program Files\MySQL\MySQL Shell 8.0\bin\;C:\Users\willi\AppData\Local\Microsoft\WindowsApps;C:\Users\willi\AppData\Local\Programs\Microsoft VS Code\bin;C:\Users\willi\.dotnet\tools;C:\ProgramData\Microsoft\Windows\Start Menu\Programs\MySQL;C:\Users\willi\AppData\Roaming\npm
USERNAME=willi
OS=Windows_NT
PROCESSOR_IDENTIFIER=Intel64 Family 6 Model 142 Stepping 11, GenuineIntel
TMP=C:\Users\willi\AppData\Local\Temp
TEMP=C:\Users\willi\AppData\Local\Temp



Periodic native trim disabled


---------------  S Y S T E M  ---------------

OS:
 Windows 11 , 64 bit Build 22621 (10.0.22621.2506)
OS uptime: 1 days 23:39 hours
Hyper-V role detected

CPU: total 8 (initial active 8) (4 cores per cpu, 2 threads per core) family 6 model 142 stepping 11 microcode 0xf4, cx8, cmov, fxsr, ht, mmx, 3dnowpref, sse, sse2, sse3, ssse3, sse4.1, sse4.2, popcnt, lzcnt, tsc, tscinvbit, avx, avx2, aes, erms, clmul, bmi1, bmi2, adx, fma, vzeroupper, clflush, clflushopt, hv
Processor Information for processor 0
  Max Mhz: 1992, Current Mhz: 1792, Mhz Limit: 1792
Processor Information for processor 1
  Max Mhz: 1992, Current Mhz: 1494, Mhz Limit: 1792
Processor Information for processor 2
  Max Mhz: 1992, Current Mhz: 1494, Mhz Limit: 1792
Processor Information for processor 3
  Max Mhz: 1992, Current Mhz: 1494, Mhz Limit: 1792
Processor Information for processor 4
  Max Mhz: 1992, Current Mhz: 1494, Mhz Limit: 1792
Processor Information for processor 5
  Max Mhz: 1992, Current Mhz: 1494, Mhz Limit: 1792
Processor Information for processor 6
  Max Mhz: 1992, Current Mhz: 1792, Mhz Limit: 1792
Processor Information for processor 7
  Max Mhz: 1992, Current Mhz: 1494, Mhz Limit: 1792

Memory: 4k page, system-wide physical 8053M (447M free)
TotalPageFile size 16245M (AvailPageFile size 16M)
current process WorkingSet (physical memory assigned to process): 77M, peak: 216M
current process commit charge ("private bytes"): 250M, peak: 263M

vm_info: OpenJDK 64-Bit Server VM (17.0.9+9) for windows-amd64 JRE (17.0.9+9), built on Oct 26 2023 14:01:42 by "admin" with MS VC++ 16.10 / 16.11 (VS2019)

END.
