#
# There is insufficient memory for the Java Runtime Environment to continue.
# Native memory allocation (malloc) failed to allocate 2097152 bytes for AllocateHeap
# Possible reasons:
#   The system is out of physical RAM or swap space
#   The process is running with CompressedOops enabled, and the Java Heap may be blocking the growth of the native heap
# Possible solutions:
#   Reduce memory load on the system
#   Increase physical memory or swap space
#   Check if swap backing store is full
#   Decrease Java heap size (-Xmx/-Xms)
#   Decrease number of Java threads
#   Decrease Java thread stack sizes (-Xss)
#   Set larger code cache with -XX:ReservedCodeCacheSize=
#   JVM is running with Unscaled Compressed Oops mode in which the Java heap is
#     placed in the first 4GB address space. The Java Heap base address is the
#     maximum limit for the native heap growth. Please use -XX:HeapBaseMinAddress
#     to set the Java Heap base and to place the Java Heap above 4GB virtual address.
# This output file may be truncated or incomplete.
#
#  Out of Memory Error (allocation.cpp:44), pid=19968, tid=18392
#
# JRE version: OpenJDK Runtime Environment Temurin-17.0.10+7 (17.0.10+7) (build 17.0.10+7)
# Java VM: OpenJDK 64-Bit Server VM Temurin-17.0.10+7 (17.0.10+7, mixed mode, emulated-client, tiered, compressed oops, compressed class ptrs, g1 gc, windows-amd64)
# No core dump will be written. Minidumps are not enabled by default on client versions of Windows
#

---------------  S U M M A R Y ------------

Command Line: -XX:+HeapDumpOnOutOfMemoryError -Xmx1024m -Dsts.lsp.client=vscode -Dsts.log.file=/dev/null -XX:TieredStopAtLevel=1 -Xlog:jni+resolve=off -Dspring.config.location=file:c:\Users\willi\.vscode\extensions\vmware.vscode-spring-boot-1.51.0\language-server\BOOT-INF\classes\application.properties org.springframework.ide.vscode.boot.app.BootLanguageServerBootApp

Host: Intel(R) Core(TM) i7-8565U CPU @ 1.80GHz, 8 cores, 7G,  Windows 11 , 64 bit Build 22621 (10.0.22621.2506)
Time: Sat Feb  3 10:19:21 2024 Hora oficial do Brasil elapsed time: 2007.185821 seconds (0d 0h 33m 27s)

---------------  T H R E A D  ---------------

Current thread (0x0000024f8ea5c5f0):  VMThread "VM Thread" [stack: 0x000000f19db00000,0x000000f19dc00000] [id=18392]

Stack: [0x000000f19db00000,0x000000f19dc00000]
Native frames: (J=compiled Java code, j=interpreted, Vv=VM code, C=native code)
V  [jvm.dll+0x67d2c9]
V  [jvm.dll+0x834afa]
V  [jvm.dll+0x8365be]
V  [jvm.dll+0x836c23]
V  [jvm.dll+0x2477ff]
V  [jvm.dll+0xa6c93]
V  [jvm.dll+0x2f86f1]
V  [jvm.dll+0x2f42e0]
V  [jvm.dll+0x2dc8c7]
V  [jvm.dll+0x31fb87]
V  [jvm.dll+0x83b11b]
V  [jvm.dll+0x83be61]
V  [jvm.dll+0x83c37d]
V  [jvm.dll+0x83c754]
V  [jvm.dll+0x83c820]
V  [jvm.dll+0x7e3fba]
V  [jvm.dll+0x67c1b5]
C  [ucrtbase.dll+0x29363]
C  [KERNEL32.DLL+0x1257d]
C  [ntdll.dll+0x5aa58]

VM_Operation (0x000000f19eefecc0): G1CollectFull, mode: safepoint, requested by thread 0x0000024f93f2a7c0


---------------  P R O C E S S  ---------------

Threads class SMR info:
_java_thread_list=0x0000024f95534560, length=26, elements={
0x0000024f8ea7e380, 0x0000024f8ea7f200, 0x0000024f8eaa54f0, 0x0000024f8eaa60b0,
0x0000024f8eaa6b70, 0x0000024f8eaa7530, 0x0000024f8ebfa080, 0x0000024f8ebfaa80,
0x0000024f8edf9730, 0x0000024f8ee02090, 0x0000024f9433cfd0, 0x0000024f93f2a7c0,
0x0000024f937d1960, 0x0000024f83c466d0, 0x0000024f940c9010, 0x0000024f944cf420,
0x0000024f944f70e0, 0x0000024f944f6bd0, 0x0000024f944f5280, 0x0000024f944f4d70,
0x0000024f944f75f0, 0x0000024f944f61b0, 0x0000024f944f66c0, 0x0000024f944f3e40,
0x0000024f944f4860, 0x0000024f955dd310
}

Java Threads: ( => current thread )
  0x0000024f8ea7e380 JavaThread "Reference Handler" daemon [_thread_blocked, id=15228, stack(0x000000f19dc00000,0x000000f19dd00000)]
  0x0000024f8ea7f200 JavaThread "Finalizer" daemon [_thread_blocked, id=4048, stack(0x000000f19dd00000,0x000000f19de00000)]
  0x0000024f8eaa54f0 JavaThread "Signal Dispatcher" daemon [_thread_blocked, id=8516, stack(0x000000f19de00000,0x000000f19df00000)]
  0x0000024f8eaa60b0 JavaThread "Attach Listener" daemon [_thread_blocked, id=3812, stack(0x000000f19df00000,0x000000f19e000000)]
  0x0000024f8eaa6b70 JavaThread "Service Thread" daemon [_thread_blocked, id=19124, stack(0x000000f19e000000,0x000000f19e100000)]
  0x0000024f8eaa7530 JavaThread "Monitor Deflation Thread" daemon [_thread_blocked, id=9812, stack(0x000000f19e100000,0x000000f19e200000)]
  0x0000024f8ebfa080 JavaThread "C1 CompilerThread0" daemon [_thread_blocked, id=17164, stack(0x000000f19e200000,0x000000f19e300000)]
  0x0000024f8ebfaa80 JavaThread "Sweeper thread" daemon [_thread_blocked, id=1356, stack(0x000000f19e300000,0x000000f19e400000)]
  0x0000024f8edf9730 JavaThread "Notification Thread" daemon [_thread_blocked, id=13240, stack(0x000000f19e500000,0x000000f19e600000)]
  0x0000024f8ee02090 JavaThread "Common-Cleaner" daemon [_thread_blocked, id=10224, stack(0x000000f19e700000,0x000000f19e800000)]
  0x0000024f9433cfd0 JavaThread "boundedElastic-evictor-1" daemon [_thread_blocked, id=4788, stack(0x000000f19ed00000,0x000000f19ee00000)]
  0x0000024f93f2a7c0 JavaThread "pool-12-thread-1" [_thread_blocked, id=14392, stack(0x000000f19ee00000,0x000000f19ef00000)]
  0x0000024f937d1960 JavaThread "LanguageServerApp-lifecycle" [_thread_blocked, id=19532, stack(0x000000f19f200000,0x000000f19f300000)]
  0x0000024f83c466d0 JavaThread "DestroyJavaVM" [_thread_blocked, id=18204, stack(0x000000f19d400000,0x000000f19d500000)]
  0x0000024f940c9010 JavaThread "pool-13-thread-1" [_thread_in_native, id=22496, stack(0x000000f19f300000,0x000000f19f400000)]
  0x0000024f944cf420 JavaThread "Simple-Language-Server main thread" daemon [_thread_blocked, id=7080, stack(0x000000f19f400000,0x000000f19f500000)]
  0x0000024f944f70e0 JavaThread "pool-8-thread-1" [_thread_blocked, id=11364, stack(0x000000f19f800000,0x000000f19f900000)]
  0x0000024f944f6bd0 JavaThread "parallel-1" daemon [_thread_blocked, id=14992, stack(0x000000f19f900000,0x000000f19fa00000)]
  0x0000024f944f5280 JavaThread "parallel-2" daemon [_thread_blocked, id=20444, stack(0x000000f19fd00000,0x000000f19fe00000)]
  0x0000024f944f4d70 JavaThread "pool-6-thread-1" [_thread_blocked, id=21168, stack(0x000000f19fe00000,0x000000f19ff00000)]
  0x0000024f944f75f0 JavaThread "parallel-3" daemon [_thread_blocked, id=4260, stack(0x000000f19ff00000,0x000000f1a0000000)]
  0x0000024f944f61b0 JavaThread "parallel-4" daemon [_thread_blocked, id=5440, stack(0x000000f1a0100000,0x000000f1a0200000)]
  0x0000024f944f66c0 JavaThread "parallel-5" daemon [_thread_blocked, id=7512, stack(0x000000f1a0200000,0x000000f1a0300000)]
  0x0000024f944f3e40 JavaThread "Reconciler-1" daemon [_thread_blocked, id=19320, stack(0x000000f1a0300000,0x000000f1a0400000)]
  0x0000024f944f4860 JavaThread "parallel-6" daemon [_thread_blocked, id=4608, stack(0x000000f19d300000,0x000000f19d400000)]
  0x0000024f955dd310 JavaThread "parallel-7" daemon [_thread_blocked, id=15328, stack(0x000000f19fa00000,0x000000f19fb00000)]

Other Threads:
=>0x0000024f8ea5c5f0 VMThread "VM Thread" [stack: 0x000000f19db00000,0x000000f19dc00000] [id=18392]
  0x0000024f8edfbc20 WatcherThread [stack: 0x000000f19e600000,0x000000f19e700000] [id=6544]
  0x0000024f83c85ab0 GCTaskThread "GC Thread#0" [stack: 0x000000f19d600000,0x000000f19d700000] [id=10676]
  0x0000024f939da7f0 GCTaskThread "GC Thread#1" [stack: 0x000000f19e400000,0x000000f19e500000] [id=17180]
  0x0000024f939daab0 GCTaskThread "GC Thread#2" [stack: 0x000000f19e800000,0x000000f19e900000] [id=16432]
  0x0000024f93159e60 GCTaskThread "GC Thread#3" [stack: 0x000000f19e900000,0x000000f19ea00000] [id=8072]
  0x0000024f936d0200 GCTaskThread "GC Thread#4" [stack: 0x000000f19eb00000,0x000000f19ec00000] [id=20904]
  0x0000024f93a8dfa0 GCTaskThread "GC Thread#5" [stack: 0x000000f19ec00000,0x000000f19ed00000] [id=19748]
  0x0000024f93c99840 GCTaskThread "GC Thread#6" [stack: 0x000000f19ef00000,0x000000f19f000000] [id=21172]
  0x0000024f93c99b00 GCTaskThread "GC Thread#7" [stack: 0x000000f19f000000,0x000000f19f100000] [id=1688]
  0x0000024f83c8ea00 ConcurrentGCThread "G1 Main Marker" [stack: 0x000000f19d700000,0x000000f19d800000] [id=17800]
  0x0000024f83c8f420 ConcurrentGCThread "G1 Conc#0" [stack: 0x000000f19d800000,0x000000f19d900000] [id=13140]
  0x0000024f93d66580 ConcurrentGCThread "G1 Conc#1" [stack: 0x000000f19f100000,0x000000f19f200000] [id=20852]
  0x0000024f83ce4960 ConcurrentGCThread "G1 Refine#0" [stack: 0x000000f19d900000,0x000000f19da00000] [id=19952]
  0x0000024f8e8e28b0 ConcurrentGCThread "G1 Service" [stack: 0x000000f19da00000,0x000000f19db00000] [id=9500]

Threads with active compile tasks:

VM state: at safepoint (normal execution)

VM Mutex/Monitor currently owned by a thread:  ([mutex/lock_event])
[0x0000024f81a6e170] Threads_lock - owner thread: 0x0000024f8ea5c5f0
[0x0000024f83c42e10] Heap_lock - owner thread: 0x0000024f93f2a7c0

Heap address: 0x00000000c0000000, size: 1024 MB, Compressed Oops mode: 32-bit

CDS archive(s) not mapped
Compressed class space mapped at: 0x0000000100000000-0x0000000140000000, reserved size: 1073741824
Narrow klass base: 0x0000000000000000, Narrow klass shift: 3, Narrow klass range: 0x140000000

GC Precious Log:
 CPUs: 8 total, 8 available
 Memory: 8053M
 Large Page Support: Disabled
 NUMA Support: Disabled
 Compressed Oops: Enabled (32-bit)
 Heap Region Size: 1M
 Heap Min Capacity: 8M
 Heap Initial Capacity: 126M
 Heap Max Capacity: 1G
 Pre-touch: Disabled
 Parallel Workers: 8
 Concurrent Workers: 2
 Concurrent Refinement Workers: 8
 Periodic GC: Disabled

Heap:
 garbage-first heap   total 81920K, used 34631K [0x00000000c0000000, 0x0000000100000000)
  region size 1024K, 1 young (1024K), 0 survivors (0K)
 Metaspace       used 57885K, committed 58496K, reserved 1114112K
  class space    used 7146K, committed 7424K, reserved 1048576K

Heap Regions: E=young(eden), S=young(survivor), O=old, HS=humongous(starts), HC=humongous(continues), CS=collection set, F=free, OA=open archive, CA=closed archive, TAMS=top-at-mark-start (previous, next)
|   0|0x00000000c0000000, 0x00000000c0100000, 0x00000000c0100000|100%|HS|  |TAMS 0x00000000c0100000, 0x00000000c0000000| Untracked 
|   1|0x00000000c0100000, 0x00000000c0200000, 0x00000000c0200000|100%|HC|  |TAMS 0x00000000c0200000, 0x00000000c0100000| Untracked 
|   2|0x00000000c0200000, 0x00000000c0300000, 0x00000000c0300000|100%|HC|  |TAMS 0x00000000c0300000, 0x00000000c0200000| Untracked 
|   3|0x00000000c0300000, 0x00000000c0400000, 0x00000000c0400000|100%|HC|  |TAMS 0x00000000c0400000, 0x00000000c0300000| Untracked 
|   4|0x00000000c0400000, 0x00000000c0500000, 0x00000000c0500000|100%| O|  |TAMS 0x00000000c0500000, 0x00000000c0400000| Untracked 
|   5|0x00000000c0500000, 0x00000000c0600000, 0x00000000c0600000|100%| O|  |TAMS 0x00000000c0600000, 0x00000000c0500000| Untracked 
|   6|0x00000000c0600000, 0x00000000c06ffff8, 0x00000000c0700000| 99%| O|  |TAMS 0x00000000c06ffff8, 0x00000000c0600000| Untracked 
|   7|0x00000000c0700000, 0x00000000c0800000, 0x00000000c0800000|100%| O|  |TAMS 0x00000000c0800000, 0x00000000c0700000| Untracked 
|   8|0x00000000c0800000, 0x00000000c0900000, 0x00000000c0900000|100%| O|  |TAMS 0x00000000c0900000, 0x00000000c0800000| Untracked 
|   9|0x00000000c0900000, 0x00000000c0a00000, 0x00000000c0a00000|100%| O|  |TAMS 0x00000000c0a00000, 0x00000000c0900000| Untracked 
|  10|0x00000000c0a00000, 0x00000000c0affff8, 0x00000000c0b00000| 99%| O|  |TAMS 0x00000000c0affff8, 0x00000000c0a00000| Untracked 
|  11|0x00000000c0b00000, 0x00000000c0c00000, 0x00000000c0c00000|100%| O|  |TAMS 0x00000000c0c00000, 0x00000000c0b00000| Untracked 
|  12|0x00000000c0c00000, 0x00000000c0d00000, 0x00000000c0d00000|100%| O|  |TAMS 0x00000000c0d00000, 0x00000000c0c00000| Untracked 
|  13|0x00000000c0d00000, 0x00000000c0dfffe8, 0x00000000c0e00000| 99%| O|  |TAMS 0x00000000c0dfffe8, 0x00000000c0d00000| Untracked 
|  14|0x00000000c0e00000, 0x00000000c0efffb0, 0x00000000c0f00000| 99%| O|  |TAMS 0x00000000c0efffb0, 0x00000000c0e00000| Untracked 
|  15|0x00000000c0f00000, 0x00000000c0fffff8, 0x00000000c1000000| 99%| O|  |TAMS 0x00000000c0fffff8, 0x00000000c0f00000| Untracked 
|  16|0x00000000c1000000, 0x00000000c1100000, 0x00000000c1100000|100%| O|  |TAMS 0x00000000c1100000, 0x00000000c1000000| Untracked 
|  17|0x00000000c1100000, 0x00000000c11ffe50, 0x00000000c1200000| 99%| O|  |TAMS 0x00000000c11ffe50, 0x00000000c1100000| Untracked 
|  18|0x00000000c1200000, 0x00000000c12ffff8, 0x00000000c1300000| 99%| O|  |TAMS 0x00000000c12ffff8, 0x00000000c1200000| Untracked 
|  19|0x00000000c1300000, 0x00000000c13fffc0, 0x00000000c1400000| 99%| O|  |TAMS 0x00000000c13fffc0, 0x00000000c1300000| Untracked 
|  20|0x00000000c1400000, 0x00000000c14fffc0, 0x00000000c1500000| 99%| O|  |TAMS 0x00000000c14fffc0, 0x00000000c1400000| Untracked 
|  21|0x00000000c1500000, 0x00000000c15ffeb0, 0x00000000c1600000| 99%| O|  |TAMS 0x00000000c15ffeb0, 0x00000000c1500000| Untracked 
|  22|0x00000000c1600000, 0x00000000c16fffd0, 0x00000000c1700000| 99%| O|  |TAMS 0x00000000c16fffd0, 0x00000000c1600000| Untracked 
|  23|0x00000000c1700000, 0x00000000c17fffe0, 0x00000000c1800000| 99%| O|  |TAMS 0x00000000c17fffe0, 0x00000000c1700000| Untracked 
|  24|0x00000000c1800000, 0x00000000c18ffff0, 0x00000000c1900000| 99%| O|  |TAMS 0x00000000c18ffff0, 0x00000000c1800000| Untracked 
|  25|0x00000000c1900000, 0x00000000c19fc588, 0x00000000c1a00000| 98%| O|  |TAMS 0x00000000c19fc588, 0x00000000c1900000| Untracked 
|  26|0x00000000c1a00000, 0x00000000c1affff0, 0x00000000c1b00000| 99%| O|  |TAMS 0x00000000c1affff0, 0x00000000c1a00000| Untracked 
|  27|0x00000000c1b00000, 0x00000000c1bfd520, 0x00000000c1c00000| 98%| O|  |TAMS 0x00000000c1bfd520, 0x00000000c1b00000| Untracked 
|  28|0x00000000c1c00000, 0x00000000c1d00000, 0x00000000c1d00000|100%|HS|  |TAMS 0x00000000c1d00000, 0x00000000c1c00000| Untracked 
|  29|0x00000000c1d00000, 0x00000000c1e00000, 0x00000000c1e00000|100%| O|  |TAMS 0x00000000c1e00000, 0x00000000c1d00000| Untracked 
|  30|0x00000000c1e00000, 0x00000000c1eed428, 0x00000000c1f00000| 92%| O|  |TAMS 0x00000000c1e00000, 0x00000000c1e00000| Untracked 
|  31|0x00000000c1f00000, 0x00000000c1feb518, 0x00000000c2000000| 91%| O|  |TAMS 0x00000000c1f00000, 0x00000000c1f00000| Untracked 
|  32|0x00000000c2000000, 0x00000000c2000000, 0x00000000c2100000|  0%| F|  |TAMS 0x00000000c2000000, 0x00000000c2000000| Untracked 
|  33|0x00000000c2100000, 0x00000000c2100000, 0x00000000c2200000|  0%| F|  |TAMS 0x00000000c2100000, 0x00000000c2100000| Untracked 
|  34|0x00000000c2200000, 0x00000000c2200000, 0x00000000c2300000|  0%| F|  |TAMS 0x00000000c2200000, 0x00000000c2200000| Untracked 
|  35|0x00000000c2300000, 0x00000000c2300000, 0x00000000c2400000|  0%| F|  |TAMS 0x00000000c2300000, 0x00000000c2300000| Untracked 
|  36|0x00000000c2400000, 0x00000000c2400000, 0x00000000c2500000|  0%| F|  |TAMS 0x00000000c2400000, 0x00000000c2400000| Untracked 
|  37|0x00000000c2500000, 0x00000000c2500000, 0x00000000c2600000|  0%| F|  |TAMS 0x00000000c2500000, 0x00000000c2500000| Untracked 
|  38|0x00000000c2600000, 0x00000000c2600000, 0x00000000c2700000|  0%| F|  |TAMS 0x00000000c2600000, 0x00000000c2600000| Untracked 
|  39|0x00000000c2700000, 0x00000000c2700000, 0x00000000c2800000|  0%| F|  |TAMS 0x00000000c2700000, 0x00000000c2700000| Untracked 
|  40|0x00000000c2800000, 0x00000000c2800000, 0x00000000c2900000|  0%| F|  |TAMS 0x00000000c2800000, 0x00000000c2800000| Untracked 
|  41|0x00000000c2900000, 0x00000000c2900000, 0x00000000c2a00000|  0%| F|  |TAMS 0x00000000c2900000, 0x00000000c2900000| Untracked 
|  42|0x00000000c2a00000, 0x00000000c2a00000, 0x00000000c2b00000|  0%| F|  |TAMS 0x00000000c2a00000, 0x00000000c2a00000| Untracked 
|  43|0x00000000c2b00000, 0x00000000c2b00000, 0x00000000c2c00000|  0%| F|  |TAMS 0x00000000c2b00000, 0x00000000c2b00000| Untracked 
|  44|0x00000000c2c00000, 0x00000000c2c00000, 0x00000000c2d00000|  0%| F|  |TAMS 0x00000000c2c00000, 0x00000000c2c00000| Untracked 
|  45|0x00000000c2d00000, 0x00000000c2d00000, 0x00000000c2e00000|  0%| F|  |TAMS 0x00000000c2d00000, 0x00000000c2d00000| Untracked 
|  46|0x00000000c2e00000, 0x00000000c2e00000, 0x00000000c2f00000|  0%| F|  |TAMS 0x00000000c2e00000, 0x00000000c2e00000| Untracked 
|  47|0x00000000c2f00000, 0x00000000c2f00000, 0x00000000c3000000|  0%| F|  |TAMS 0x00000000c2f00000, 0x00000000c2f00000| Untracked 
|  48|0x00000000c3000000, 0x00000000c3000000, 0x00000000c3100000|  0%| F|  |TAMS 0x00000000c3000000, 0x00000000c3000000| Untracked 
|  49|0x00000000c3100000, 0x00000000c3100000, 0x00000000c3200000|  0%| F|  |TAMS 0x00000000c3100000, 0x00000000c3100000| Untracked 
|  50|0x00000000c3200000, 0x00000000c3200000, 0x00000000c3300000|  0%| F|  |TAMS 0x00000000c3200000, 0x00000000c3200000| Untracked 
|  51|0x00000000c3300000, 0x00000000c3300000, 0x00000000c3400000|  0%| F|  |TAMS 0x00000000c3300000, 0x00000000c3300000| Untracked 
|  52|0x00000000c3400000, 0x00000000c3400000, 0x00000000c3500000|  0%| F|  |TAMS 0x00000000c3400000, 0x00000000c3400000| Untracked 
|  53|0x00000000c3500000, 0x00000000c3500000, 0x00000000c3600000|  0%| F|  |TAMS 0x00000000c3500000, 0x00000000c3500000| Untracked 
|  54|0x00000000c3600000, 0x00000000c3600000, 0x00000000c3700000|  0%| F|  |TAMS 0x00000000c3600000, 0x00000000c3600000| Untracked 
|  55|0x00000000c3700000, 0x00000000c3700000, 0x00000000c3800000|  0%| F|  |TAMS 0x00000000c3700000, 0x00000000c3700000| Untracked 
|  56|0x00000000c3800000, 0x00000000c3800000, 0x00000000c3900000|  0%| F|  |TAMS 0x00000000c3800000, 0x00000000c3800000| Untracked 
|  57|0x00000000c3900000, 0x00000000c3900000, 0x00000000c3a00000|  0%| F|  |TAMS 0x00000000c3900000, 0x00000000c3900000| Untracked 
|  58|0x00000000c3a00000, 0x00000000c3a00000, 0x00000000c3b00000|  0%| F|  |TAMS 0x00000000c3a00000, 0x00000000c3a00000| Untracked 
|  59|0x00000000c3b00000, 0x00000000c3b00000, 0x00000000c3c00000|  0%| F|  |TAMS 0x00000000c3b00000, 0x00000000c3b00000| Untracked 
|  60|0x00000000c3c00000, 0x00000000c3c00000, 0x00000000c3d00000|  0%| F|  |TAMS 0x00000000c3c00000, 0x00000000c3c00000| Untracked 
|  61|0x00000000c3d00000, 0x00000000c3d00000, 0x00000000c3e00000|  0%| F|  |TAMS 0x00000000c3d00000, 0x00000000c3d00000| Untracked 
|  62|0x00000000c3e00000, 0x00000000c3e00000, 0x00000000c3f00000|  0%| F|  |TAMS 0x00000000c3e00000, 0x00000000c3e00000| Untracked 
|  63|0x00000000c3f00000, 0x00000000c3f00000, 0x00000000c4000000|  0%| F|  |TAMS 0x00000000c3f00000, 0x00000000c3f00000| Untracked 
|  64|0x00000000c4000000, 0x00000000c4000000, 0x00000000c4100000|  0%| F|  |TAMS 0x00000000c4000000, 0x00000000c4000000| Untracked 
|  65|0x00000000c4100000, 0x00000000c4100000, 0x00000000c4200000|  0%| F|  |TAMS 0x00000000c4100000, 0x00000000c4100000| Untracked 
|  66|0x00000000c4200000, 0x00000000c4200000, 0x00000000c4300000|  0%| F|  |TAMS 0x00000000c4200000, 0x00000000c4200000| Untracked 
|  67|0x00000000c4300000, 0x00000000c4300000, 0x00000000c4400000|  0%| F|  |TAMS 0x00000000c4300000, 0x00000000c4300000| Untracked 
|  68|0x00000000c4400000, 0x00000000c4400000, 0x00000000c4500000|  0%| F|  |TAMS 0x00000000c4400000, 0x00000000c4400000| Untracked 
|  69|0x00000000c4500000, 0x00000000c4500000, 0x00000000c4600000|  0%| F|  |TAMS 0x00000000c4500000, 0x00000000c4500000| Untracked 
|  70|0x00000000c4600000, 0x00000000c4600000, 0x00000000c4700000|  0%| F|  |TAMS 0x00000000c4600000, 0x00000000c4600000| Untracked 
|  71|0x00000000c4700000, 0x00000000c4700000, 0x00000000c4800000|  0%| F|  |TAMS 0x00000000c4700000, 0x00000000c4700000| Untracked 
|  72|0x00000000c4800000, 0x00000000c4800000, 0x00000000c4900000|  0%| F|  |TAMS 0x00000000c4800000, 0x00000000c4800000| Untracked 
|  73|0x00000000c4900000, 0x00000000c4900000, 0x00000000c4a00000|  0%| F|  |TAMS 0x00000000c4900000, 0x00000000c4900000| Untracked 
|  74|0x00000000c4a00000, 0x00000000c4a00000, 0x00000000c4b00000|  0%| F|  |TAMS 0x00000000c4a00000, 0x00000000c4a00000| Untracked 
|  90|0x00000000c5a00000, 0x00000000c5b00000, 0x00000000c5b00000|100%| O|  |TAMS 0x00000000c5b00000, 0x00000000c5a00000| Untracked 
|  91|0x00000000c5b00000, 0x00000000c5c00000, 0x00000000c5c00000|100%| O|  |TAMS 0x00000000c5c00000, 0x00000000c5b00000| Untracked 
|  92|0x00000000c5c00000, 0x00000000c5c00000, 0x00000000c5d00000|  0%| F|  |TAMS 0x00000000c5c00000, 0x00000000c5c00000| Untracked 
|  93|0x00000000c5d00000, 0x00000000c5d00000, 0x00000000c5e00000|  0%| F|  |TAMS 0x00000000c5d00000, 0x00000000c5d00000| Untracked 
| 125|0x00000000c7d00000, 0x00000000c7d13aa8, 0x00000000c7e00000|  7%| E|  |TAMS 0x00000000c7d00000, 0x00000000c7d00000| Complete 

Card table byte_map: [0x0000024f89be0000,0x0000024f89de0000] _byte_map_base: 0x0000024f895e0000

Marking Bits (Prev, Next): (CMBitMap*) 0x0000024f83c860d0, (CMBitMap*) 0x0000024f83c86110
 Prev Bits: [0x0000024f89fe0000, 0x0000024f8afe0000)
 Next Bits: [0x0000024f8afe0000, 0x0000024f8bfe0000)

Polling page: 0x0000024f81dc0000

Metaspace:

Usage:
  Non-class:     49.55 MB used.
      Class:      6.98 MB used.
       Both:     56.53 MB used.

Virtual space:
  Non-class space:       64.00 MB reserved,      49.88 MB ( 78%) committed,  1 nodes.
      Class space:        1.00 GB reserved,       7.25 MB ( <1%) committed,  1 nodes.
             Both:        1.06 GB reserved,      57.12 MB (  5%) committed. 

Chunk freelists:
   Non-Class:  13.49 MB
       Class:  8.67 MB
        Both:  22.17 MB

MaxMetaspaceSize: unlimited
CompressedClassSpaceSize: 1.00 GB
Initial GC threshold: 21.00 MB
Current GC threshold: 95.12 MB
CDS: off
MetaspaceReclaimPolicy: balanced
 - commit_granule_bytes: 65536.
 - commit_granule_words: 8192.
 - virtual_space_node_default_size: 8388608.
 - enlarge_chunks_in_place: 1.
 - new_chunks_are_fully_committed: 0.
 - uncommit_free_chunks: 1.
 - use_allocation_guard: 0.
 - handle_deallocations: 1.


Internal statistics:

num_allocs_failed_limit: 20.
num_arena_births: 670.
num_arena_deaths: 236.
num_vsnodes_births: 2.
num_vsnodes_deaths: 0.
num_space_committed: 914.
num_space_uncommitted: 0.
num_chunks_returned_to_freelist: 300.
num_chunks_taken_from_freelist: 2508.
num_chunk_merges: 101.
num_chunk_splits: 1740.
num_chunks_enlarged: 1297.
num_inconsistent_stats: 0.

CodeCache: size=49152Kb used=10565Kb max_used=11486Kb free=38586Kb
 bounds [0x0000024f868d0000, 0x0000024f87450000, 0x0000024f898d0000]
 total_blobs=6484 nmethods=5816 adapters=594
 compilation: enabled
              stopped_count=0, restarted_count=0
 full_count=0

Compilation events (20 events):
Event: 1519.783 Thread 0x0000024f8ebfa080 5809       1       java.util.logging.Level::intValue (5 bytes)
Event: 1519.783 Thread 0x0000024f8ebfa080 nmethod 5809 0x0000024f871bd790 code [0x0000024f871bd920, 0x0000024f871bd9f8]
Event: 1519.783 Thread 0x0000024f8ebfa080 5810       1       com.google.gson.internal.$Gson$Types$ParameterizedTypeImpl::hashCode (24 bytes)
Event: 1519.783 Thread 0x0000024f8ebfa080 nmethod 5810 0x0000024f871bd390 code [0x0000024f871bd540, 0x0000024f871bd6a8]
Event: 1519.783 Thread 0x0000024f8ebfa080 5811       1       com.google.gson.internal.$Gson$Types$ParameterizedTypeImpl::hashCodeOrZero (13 bytes)
Event: 1519.784 Thread 0x0000024f8ebfa080 nmethod 5811 0x0000024f871bd090 code [0x0000024f871bd220, 0x0000024f871bd328]
Event: 1625.223 Thread 0x0000024f8ebfa080 5812       1       java.io.FileInputStream::<init> (59 bytes)
Event: 1625.239 Thread 0x0000024f8ebfa080 nmethod 5812 0x0000024f871bc790 code [0x0000024f871bc980, 0x0000024f871bce48]
Event: 1625.239 Thread 0x0000024f8ebfa080 5813       1       java.lang.Process$PipeInputStream::<init> (6 bytes)
Event: 1625.239 Thread 0x0000024f8ebfa080 nmethod 5813 0x0000024f871bc490 code [0x0000024f871bc620, 0x0000024f871bc708]
Event: 1625.356 Thread 0x0000024f8ebfa080 5814       1       java.lang.ProcessImpl::exitValue (28 bytes)
Event: 1625.385 Thread 0x0000024f8ebfa080 nmethod 5814 0x0000024f871bc090 code [0x0000024f871bc240, 0x0000024f871bc398]
Event: 1625.386 Thread 0x0000024f8ebfa080 5817   !   1       com.google.common.io.Closeables::closeQuietly (19 bytes)
Event: 1625.386 Thread 0x0000024f8ebfa080 nmethod 5817 0x0000024f871bbc90 code [0x0000024f871bbe40, 0x0000024f871bbfb8]
Event: 1625.386 Thread 0x0000024f8ebfa080 5815       1       java.lang.ProcessImpl::getInputStream (5 bytes)
Event: 1625.386 Thread 0x0000024f8ebfa080 nmethod 5815 0x0000024f871bb990 code [0x0000024f871bbb20, 0x0000024f871bbbf8]
Event: 1625.386 Thread 0x0000024f8ebfa080 5816       1       java.lang.ProcessImpl::getErrorStream (5 bytes)
Event: 1625.386 Thread 0x0000024f8ebfa080 nmethod 5816 0x0000024f871bb690 code [0x0000024f871bb820, 0x0000024f871bb8f8]
Event: 1625.386 Thread 0x0000024f8ebfa080 5818       1       java.lang.ProcessImpl::getOutputStream (5 bytes)
Event: 1625.387 Thread 0x0000024f8ebfa080 nmethod 5818 0x0000024f871bb390 code [0x0000024f871bb520, 0x0000024f871bb5f8]

GC Heap History (20 events):
Event: 1903.122 GC heap before
{Heap before GC invocations=168 (full 154):
 garbage-first heap   total 81920K, used 34631K [0x00000000c0000000, 0x0000000100000000)
  region size 1024K, 1 young (1024K), 0 survivors (0K)
 Metaspace       used 57885K, committed 58496K, reserved 1114112K
  class space    used 7146K, committed 7424K, reserved 1048576K
}
Event: 1903.239 GC heap after
{Heap after GC invocations=169 (full 155):
 garbage-first heap   total 81920K, used 34631K [0x00000000c0000000, 0x0000000100000000)
  region size 1024K, 0 young (0K), 0 survivors (0K)
 Metaspace       used 57885K, committed 58496K, reserved 1114112K
  class space    used 7146K, committed 7424K, reserved 1048576K
}
Event: 1913.417 GC heap before
{Heap before GC invocations=169 (full 155):
 garbage-first heap   total 81920K, used 34631K [0x00000000c0000000, 0x0000000100000000)
  region size 1024K, 1 young (1024K), 0 survivors (0K)
 Metaspace       used 57885K, committed 58496K, reserved 1114112K
  class space    used 7146K, committed 7424K, reserved 1048576K
}
Event: 1913.447 GC heap after
{Heap after GC invocations=170 (full 156):
 garbage-first heap   total 81920K, used 34631K [0x00000000c0000000, 0x0000000100000000)
  region size 1024K, 0 young (0K), 0 survivors (0K)
 Metaspace       used 57885K, committed 58496K, reserved 1114112K
  class space    used 7146K, committed 7424K, reserved 1048576K
}
Event: 1923.598 GC heap before
{Heap before GC invocations=170 (full 156):
 garbage-first heap   total 81920K, used 34631K [0x00000000c0000000, 0x0000000100000000)
  region size 1024K, 1 young (1024K), 0 survivors (0K)
 Metaspace       used 57885K, committed 58496K, reserved 1114112K
  class space    used 7146K, committed 7424K, reserved 1048576K
}
Event: 1923.625 GC heap after
{Heap after GC invocations=171 (full 157):
 garbage-first heap   total 81920K, used 34631K [0x00000000c0000000, 0x0000000100000000)
  region size 1024K, 0 young (0K), 0 survivors (0K)
 Metaspace       used 57885K, committed 58496K, reserved 1114112K
  class space    used 7146K, committed 7424K, reserved 1048576K
}
Event: 1933.801 GC heap before
{Heap before GC invocations=171 (full 157):
 garbage-first heap   total 81920K, used 34631K [0x00000000c0000000, 0x0000000100000000)
  region size 1024K, 1 young (1024K), 0 survivors (0K)
 Metaspace       used 57885K, committed 58496K, reserved 1114112K
  class space    used 7146K, committed 7424K, reserved 1048576K
}
Event: 1933.833 GC heap after
{Heap after GC invocations=172 (full 158):
 garbage-first heap   total 81920K, used 34631K [0x00000000c0000000, 0x0000000100000000)
  region size 1024K, 0 young (0K), 0 survivors (0K)
 Metaspace       used 57885K, committed 58496K, reserved 1114112K
  class space    used 7146K, committed 7424K, reserved 1048576K
}
Event: 1944.034 GC heap before
{Heap before GC invocations=172 (full 158):
 garbage-first heap   total 81920K, used 34631K [0x00000000c0000000, 0x0000000100000000)
  region size 1024K, 1 young (1024K), 0 survivors (0K)
 Metaspace       used 57885K, committed 58496K, reserved 1114112K
  class space    used 7146K, committed 7424K, reserved 1048576K
}
Event: 1944.066 GC heap after
{Heap after GC invocations=173 (full 159):
 garbage-first heap   total 81920K, used 34631K [0x00000000c0000000, 0x0000000100000000)
  region size 1024K, 0 young (0K), 0 survivors (0K)
 Metaspace       used 57885K, committed 58496K, reserved 1114112K
  class space    used 7146K, committed 7424K, reserved 1048576K
}
Event: 1954.261 GC heap before
{Heap before GC invocations=173 (full 159):
 garbage-first heap   total 81920K, used 34631K [0x00000000c0000000, 0x0000000100000000)
  region size 1024K, 1 young (1024K), 0 survivors (0K)
 Metaspace       used 57885K, committed 58496K, reserved 1114112K
  class space    used 7146K, committed 7424K, reserved 1048576K
}
Event: 1954.302 GC heap after
{Heap after GC invocations=174 (full 160):
 garbage-first heap   total 81920K, used 34631K [0x00000000c0000000, 0x0000000100000000)
  region size 1024K, 0 young (0K), 0 survivors (0K)
 Metaspace       used 57885K, committed 58496K, reserved 1114112K
  class space    used 7146K, committed 7424K, reserved 1048576K
}
Event: 1964.453 GC heap before
{Heap before GC invocations=174 (full 160):
 garbage-first heap   total 81920K, used 34631K [0x00000000c0000000, 0x0000000100000000)
  region size 1024K, 1 young (1024K), 0 survivors (0K)
 Metaspace       used 57885K, committed 58496K, reserved 1114112K
  class space    used 7146K, committed 7424K, reserved 1048576K
}
Event: 1964.481 GC heap after
{Heap after GC invocations=175 (full 161):
 garbage-first heap   total 81920K, used 34631K [0x00000000c0000000, 0x0000000100000000)
  region size 1024K, 0 young (0K), 0 survivors (0K)
 Metaspace       used 57885K, committed 58496K, reserved 1114112K
  class space    used 7146K, committed 7424K, reserved 1048576K
}
Event: 1974.635 GC heap before
{Heap before GC invocations=175 (full 161):
 garbage-first heap   total 81920K, used 34631K [0x00000000c0000000, 0x0000000100000000)
  region size 1024K, 1 young (1024K), 0 survivors (0K)
 Metaspace       used 57885K, committed 58496K, reserved 1114112K
  class space    used 7146K, committed 7424K, reserved 1048576K
}
Event: 1974.667 GC heap after
{Heap after GC invocations=176 (full 162):
 garbage-first heap   total 81920K, used 34631K [0x00000000c0000000, 0x0000000100000000)
  region size 1024K, 0 young (0K), 0 survivors (0K)
 Metaspace       used 57885K, committed 58496K, reserved 1114112K
  class space    used 7146K, committed 7424K, reserved 1048576K
}
Event: 1984.815 GC heap before
{Heap before GC invocations=176 (full 162):
 garbage-first heap   total 81920K, used 34631K [0x00000000c0000000, 0x0000000100000000)
  region size 1024K, 1 young (1024K), 0 survivors (0K)
 Metaspace       used 57885K, committed 58496K, reserved 1114112K
  class space    used 7146K, committed 7424K, reserved 1048576K
}
Event: 1984.843 GC heap after
{Heap after GC invocations=177 (full 163):
 garbage-first heap   total 81920K, used 34631K [0x00000000c0000000, 0x0000000100000000)
  region size 1024K, 0 young (0K), 0 survivors (0K)
 Metaspace       used 57885K, committed 58496K, reserved 1114112K
  class space    used 7146K, committed 7424K, reserved 1048576K
}
Event: 1995.000 GC heap before
{Heap before GC invocations=177 (full 163):
 garbage-first heap   total 81920K, used 34631K [0x00000000c0000000, 0x0000000100000000)
  region size 1024K, 1 young (1024K), 0 survivors (0K)
 Metaspace       used 57885K, committed 58496K, reserved 1114112K
  class space    used 7146K, committed 7424K, reserved 1048576K
}
Event: 1995.032 GC heap after
{Heap after GC invocations=178 (full 164):
 garbage-first heap   total 81920K, used 34631K [0x00000000c0000000, 0x0000000100000000)
  region size 1024K, 0 young (0K), 0 survivors (0K)
 Metaspace       used 57885K, committed 58496K, reserved 1114112K
  class space    used 7146K, committed 7424K, reserved 1048576K
}

Dll operation events (10 events):
Event: 0.045 Loaded shared library c:\Users\willi\.vscode\extensions\redhat.java-1.27.0-win32-x64\jre\17.0.10-win32-x86_64\bin\java.dll
Event: 2.804 Loaded shared library C:\Users\willi\.vscode\extensions\redhat.java-1.27.0-win32-x64\jre\17.0.10-win32-x86_64\bin\net.dll
Event: 2.832 Loaded shared library C:\Users\willi\.vscode\extensions\redhat.java-1.27.0-win32-x64\jre\17.0.10-win32-x86_64\bin\nio.dll
Event: 2.862 Loaded shared library C:\Users\willi\.vscode\extensions\redhat.java-1.27.0-win32-x64\jre\17.0.10-win32-x86_64\bin\zip.dll
Event: 6.548 Loaded shared library C:\Users\willi\.vscode\extensions\redhat.java-1.27.0-win32-x64\jre\17.0.10-win32-x86_64\bin\jimage.dll
Event: 29.654 Loaded shared library c:\Users\willi\.vscode\extensions\redhat.java-1.27.0-win32-x64\jre\17.0.10-win32-x86_64\bin\verify.dll
Event: 34.073 Loaded shared library C:\Users\willi\.vscode\extensions\redhat.java-1.27.0-win32-x64\jre\17.0.10-win32-x86_64\bin\management.dll
Event: 34.090 Loaded shared library C:\Users\willi\.vscode\extensions\redhat.java-1.27.0-win32-x64\jre\17.0.10-win32-x86_64\bin\management_ext.dll
Event: 38.219 Loaded shared library C:\Users\willi\.vscode\extensions\redhat.java-1.27.0-win32-x64\jre\17.0.10-win32-x86_64\bin\sunmscapi.dll
Event: 38.894 Loaded shared library C:\Users\willi\.vscode\extensions\redhat.java-1.27.0-win32-x64\jre\17.0.10-win32-x86_64\bin\extnet.dll

Deoptimization events (8 events):
Event: 36.412 Thread 0x0000024f940c9010 DEOPT PACKING pc=0x0000024f86dfff81 sp=0x000000f19f3fd860
Event: 36.412 Thread 0x0000024f940c9010 DEOPT UNPACKING pc=0x0000024f86927143 sp=0x000000f19f3fccf0 mode 3
Event: 36.560 Thread 0x0000024f944f4d70 DEOPT PACKING pc=0x0000024f86de2917 sp=0x000000f19feff3d0
Event: 36.560 Thread 0x0000024f944f4d70 DEOPT UNPACKING pc=0x0000024f86927143 sp=0x000000f19fefe828 mode 3
Event: 38.362 Thread 0x0000024f94769fc0 DEOPT PACKING pc=0x0000024f86abe08c sp=0x000000f1a04fab00
Event: 38.362 Thread 0x0000024f94769fc0 DEOPT UNPACKING pc=0x0000024f86927143 sp=0x000000f1a04f9fc8 mode 0
Event: 1170.895 Thread 0x0000024f940c9010 DEOPT PACKING pc=0x0000024f86d68754 sp=0x000000f19f3fed60
Event: 1170.895 Thread 0x0000024f940c9010 DEOPT UNPACKING pc=0x0000024f86927143 sp=0x000000f19f3fe208 mode 0

Classes unloaded (20 events):
Event: 104.765 Thread 0x0000024f8ea5c5f0 Unloading class 0x00000001000ce000 'java/lang/invoke/LambdaForm$MH+0x00000001000ce000'
Event: 104.765 Thread 0x0000024f8ea5c5f0 Unloading class 0x00000001000cdc00 'java/lang/invoke/LambdaForm$MH+0x00000001000cdc00'
Event: 104.765 Thread 0x0000024f8ea5c5f0 Unloading class 0x00000001000cd800 'java/lang/invoke/LambdaForm$MH+0x00000001000cd800'
Event: 104.765 Thread 0x0000024f8ea5c5f0 Unloading class 0x00000001000cd400 'java/lang/invoke/LambdaForm$MH+0x00000001000cd400'
Event: 104.765 Thread 0x0000024f8ea5c5f0 Unloading class 0x00000001000ccc00 'java/lang/invoke/LambdaForm$MH+0x00000001000ccc00'
Event: 104.765 Thread 0x0000024f8ea5c5f0 Unloading class 0x00000001000cc800 'java/lang/invoke/LambdaForm$MH+0x00000001000cc800'
Event: 104.765 Thread 0x0000024f8ea5c5f0 Unloading class 0x00000001000cc000 'java/lang/invoke/LambdaForm$MH+0x00000001000cc000'
Event: 104.765 Thread 0x0000024f8ea5c5f0 Unloading class 0x00000001000cbc00 'java/lang/invoke/LambdaForm$MH+0x00000001000cbc00'
Event: 104.765 Thread 0x0000024f8ea5c5f0 Unloading class 0x00000001000c8400 'java/lang/invoke/LambdaForm$MH+0x00000001000c8400'
Event: 1269.272 Thread 0x0000024f8ea5c5f0 Unloading class 0x00000001003b0800 'java/lang/invoke/LambdaForm$MH+0x00000001003b0800'
Event: 1269.272 Thread 0x0000024f8ea5c5f0 Unloading class 0x00000001003c4800 'java/lang/invoke/LambdaForm$MH+0x00000001003c4800'
Event: 1269.272 Thread 0x0000024f8ea5c5f0 Unloading class 0x0000000100408000 'java/lang/invoke/LambdaForm$MH+0x0000000100408000'
Event: 1269.272 Thread 0x0000024f8ea5c5f0 Unloading class 0x00000001004f4400 'java/lang/invoke/LambdaForm$MH+0x00000001004f4400'
Event: 1269.272 Thread 0x0000024f8ea5c5f0 Unloading class 0x000000010052d000 'java/lang/invoke/LambdaForm$MH+0x000000010052d000'
Event: 1269.272 Thread 0x0000024f8ea5c5f0 Unloading class 0x00000001005ca400 'java/lang/invoke/LambdaForm$DMH+0x00000001005ca400'
Event: 1269.272 Thread 0x0000024f8ea5c5f0 Unloading class 0x0000000100628000 'java/lang/invoke/LambdaForm$DMH+0x0000000100628000'
Event: 1269.272 Thread 0x0000024f8ea5c5f0 Unloading class 0x0000000100715800 'java/lang/invoke/LambdaForm$DMH+0x0000000100715800'
Event: 1279.765 Thread 0x0000024f8ea5c5f0 Unloading class 0x00000001003c4000 'java/lang/invoke/LambdaForm$MH+0x00000001003c4000'
Event: 1279.765 Thread 0x0000024f8ea5c5f0 Unloading class 0x0000000100404400 'java/lang/invoke/LambdaForm$MH+0x0000000100404400'
Event: 1279.765 Thread 0x0000024f8ea5c5f0 Unloading class 0x000000010045c400 'java/lang/invoke/LambdaForm$MH+0x000000010045c400'

Classes redefined (0 events):
No events

Internal exceptions (20 events):
Event: 37.686 Thread 0x0000024f944f4d70 Exception <a 'sun/nio/fs/WindowsException'{0x00000000c468fdc0}> (0x00000000c468fdc0) 
thrown [s\src\hotspot\share\prims\jni.cpp, line 516]
Event: 37.687 Thread 0x0000024f944f4d70 Exception <a 'sun/nio/fs/WindowsException'{0x00000000c4697070}> (0x00000000c4697070) 
thrown [s\src\hotspot\share\prims\jni.cpp, line 516]
Event: 37.688 Thread 0x0000024f944f4d70 Exception <a 'sun/nio/fs/WindowsException'{0x00000000c46979f0}> (0x00000000c46979f0) 
thrown [s\src\hotspot\share\prims\jni.cpp, line 516]
Event: 37.688 Thread 0x0000024f944f4d70 Exception <a 'sun/nio/fs/WindowsException'{0x00000000c4698330}> (0x00000000c4698330) 
thrown [s\src\hotspot\share\prims\jni.cpp, line 516]
Event: 37.688 Thread 0x0000024f944f4d70 Exception <a 'sun/nio/fs/WindowsException'{0x00000000c4698cb0}> (0x00000000c4698cb0) 
thrown [s\src\hotspot\share\prims\jni.cpp, line 516]
Event: 37.688 Thread 0x0000024f944f4d70 Exception <a 'sun/nio/fs/WindowsException'{0x00000000c46996f8}> (0x00000000c46996f8) 
thrown [s\src\hotspot\share\prims\jni.cpp, line 516]
Event: 37.688 Thread 0x0000024f944f4d70 Exception <a 'sun/nio/fs/WindowsException'{0x00000000c469a1e0}> (0x00000000c469a1e0) 
thrown [s\src\hotspot\share\prims\jni.cpp, line 516]
Event: 37.754 Thread 0x0000024f944f4d70 Exception <a 'sun/nio/fs/WindowsException'{0x00000000c4513420}> (0x00000000c4513420) 
thrown [s\src\hotspot\share\prims\jni.cpp, line 516]
Event: 38.025 Thread 0x0000024f94769fc0 Exception <a 'java/lang/NoSuchMethodError'{0x00000000c3eb4cd8}: 'java.lang.Object java.lang.invoke.DirectMethodHandle$Holder.invokeStatic(java.lang.Object, java.lang.Object, int, java.lang.Object)'> (0x00000000c3eb4cd8) 
thrown [s\src\hotspot\share\interpreter\linkResolver.cpp, line 759]
Event: 38.026 Thread 0x0000024f94769fc0 Exception <a 'java/lang/NoSuchMethodError'{0x00000000c3ebb0b8}: 'java.lang.Object java.lang.invoke.DirectMethodHandle$Holder.newInvokeSpecial(java.lang.Object, java.lang.Object, int)'> (0x00000000c3ebb0b8) 
thrown [s\src\hotspot\share\interpreter\linkResolver.cpp, line 759]
Event: 38.355 Thread 0x0000024f94769fc0 Exception <a 'sun/nio/fs/WindowsException'{0x00000000c5d56bf0}> (0x00000000c5d56bf0) 
thrown [s\src\hotspot\share\prims\jni.cpp, line 516]
Event: 38.461 Thread 0x0000024f944f5ca0 Exception <a 'java/lang/NoSuchMethodError'{0x00000000c5b35290}: 'java.lang.Object java.lang.invoke.Invokers$Holder.invoke_MT(java.lang.Object, java.lang.Object, java.lang.Object)'> (0x00000000c5b35290) 
thrown [s\src\hotspot\share\interpreter\linkResolver.cpp, line 759]
Event: 40.453 Thread 0x0000024f944f5ca0 Exception <a 'java/lang/IncompatibleClassChangeError'{0x00000000c42b7310}: Found class java.lang.Object, but interface was expected> (0x00000000c42b7310) 
thrown [s\src\hotspot\share\interpreter\linkResolver.cpp, line 826]
Event: 40.868 Thread 0x0000024f944f5ca0 Exception <a 'java/lang/NoSuchMethodError'{0x00000000c46056e0}: 'int java.lang.invoke.DirectMethodHandle$Holder.invokeSpecialIFC(java.lang.Object, java.lang.Object, java.lang.Object)'> (0x00000000c46056e0) 
thrown [s\src\hotspot\share\interpreter\linkResolver.cpp, line 759]
Event: 42.063 Thread 0x0000024f944f5ca0 Exception <a 'java/lang/NoSuchMethodError'{0x00000000c3db3c98}: 'int java.lang.invoke.DirectMethodHandle$Holder.invokeStatic(java.lang.Object, int, java.lang.Object)'> (0x00000000c3db3c98) 
thrown [s\src\hotspot\share\interpreter\linkResolver.cpp, line 759]
Event: 94.053 Thread 0x0000024f93f2a7c0 Exception <a 'java/lang/NoSuchMethodError'{0x00000000c45b5790}: 'void java.lang.invoke.DirectMethodHandle$Holder.invokeStatic(java.lang.Object, long)'> (0x00000000c45b5790) 
thrown [s\src\hotspot\share\interpreter\linkResolver.cpp, line 759]
Event: 94.054 Thread 0x0000024f93f2a7c0 Exception <a 'java/lang/NoSuchMethodError'{0x00000000c45bab40}: 'java.lang.Object java.lang.invoke.DirectMethodHandle$Holder.newInvokeSpecial(java.lang.Object, long)'> (0x00000000c45bab40) 
thrown [s\src\hotspot\share\interpreter\linkResolver.cpp, line 759]
Event: 340.761 Thread 0x0000024f9476c330 Exception <a 'java/io/IOException'{0x00000000c7d77d50}> (0x00000000c7d77d50) 
thrown [s\src\hotspot\share\prims\jni.cpp, line 516]
Event: 343.710 Thread 0x0000024f9476cd50 Exception <a 'java/io/IOException'{0x00000000c7d78c50}> (0x00000000c7d78c50) 
thrown [s\src\hotspot\share\prims\jni.cpp, line 516]
Event: 344.512 Thread 0x0000024f9476f0c0 Exception <a 'java/io/IOException'{0x00000000c7d7dcd0}> (0x00000000c7d7dcd0) 
thrown [s\src\hotspot\share\prims\jni.cpp, line 516]

VM Operations (20 events):
Event: 1903.239 Executing VM operation: G1CollectFull done
Event: 1913.417 Executing VM operation: G1CollectFull
Event: 1913.447 Executing VM operation: G1CollectFull done
Event: 1923.598 Executing VM operation: G1CollectFull
Event: 1923.625 Executing VM operation: G1CollectFull done
Event: 1933.800 Executing VM operation: G1CollectFull
Event: 1933.833 Executing VM operation: G1CollectFull done
Event: 1944.034 Executing VM operation: G1CollectFull
Event: 1944.066 Executing VM operation: G1CollectFull done
Event: 1954.261 Executing VM operation: G1CollectFull
Event: 1954.302 Executing VM operation: G1CollectFull done
Event: 1964.452 Executing VM operation: G1CollectFull
Event: 1964.481 Executing VM operation: G1CollectFull done
Event: 1974.635 Executing VM operation: G1CollectFull
Event: 1974.667 Executing VM operation: G1CollectFull done
Event: 1984.815 Executing VM operation: G1CollectFull
Event: 1984.843 Executing VM operation: G1CollectFull done
Event: 1995.000 Executing VM operation: G1CollectFull
Event: 1995.032 Executing VM operation: G1CollectFull done
Event: 2006.210 Executing VM operation: G1CollectFull

Events (20 events):
Event: 1297.044 Thread 0x0000024f944f5ca0 Thread exited: 0x0000024f944f5ca0
Event: 1297.045 Thread 0x0000024f944f5790 Thread exited: 0x0000024f944f5790
Event: 1389.128 Thread 0x0000024f955dd820 Thread added: 0x0000024f955dd820
Event: 1392.017 Thread 0x0000024f955daa90 Thread added: 0x0000024f955daa90
Event: 1392.039 Thread 0x0000024f955ddd30 Thread added: 0x0000024f955ddd30
Event: 1441.779 Thread 0x0000024f955dfb90 Thread added: 0x0000024f955dfb90
Event: 1452.037 Thread 0x0000024f955daa90 Thread exited: 0x0000024f955daa90
Event: 1452.090 Thread 0x0000024f955ddd30 Thread exited: 0x0000024f955ddd30
Event: 1470.467 Thread 0x0000024f955e0ac0 Thread added: 0x0000024f955e0ac0
Event: 1470.476 Thread 0x0000024f937caf40 Thread added: 0x0000024f937caf40
Event: 1470.476 Thread 0x0000024f937ca4a0 Thread added: 0x0000024f937ca4a0
Event: 1473.164 Thread 0x0000024f937ca4a0 Thread exited: 0x0000024f937ca4a0
Event: 1476.005 Thread 0x0000024f955de240 Thread added: 0x0000024f955de240
Event: 1476.446 loading class java/util/concurrent/CompletionException
Event: 1476.512 loading class java/util/concurrent/CompletionException done
Event: 1482.579 Thread 0x0000024f937caf40 Thread exited: 0x0000024f937caf40
Event: 1536.372 Thread 0x0000024f955de240 Thread exited: 0x0000024f955de240
Event: 1536.674 Thread 0x0000024f955e0ac0 Thread exited: 0x0000024f955e0ac0
Event: 1537.368 Thread 0x0000024f955dfb90 Thread exited: 0x0000024f955dfb90
Event: 1579.786 Thread 0x0000024f955dd820 Thread exited: 0x0000024f955dd820


Dynamic libraries:
0x00007ff7b2950000 - 0x00007ff7b295e000 	c:\Users\willi\.vscode\extensions\redhat.java-1.27.0-win32-x64\jre\17.0.10-win32-x86_64\bin\java.exe
0x00007ffba5d90000 - 0x00007ffba5fa7000 	C:\WINDOWS\SYSTEM32\ntdll.dll
0x00007ffba4e50000 - 0x00007ffba4f14000 	C:\WINDOWS\System32\KERNEL32.DLL
0x00007ffba3680000 - 0x00007ffba3a26000 	C:\WINDOWS\System32\KERNELBASE.dll
0x00007ffba31a0000 - 0x00007ffba32b1000 	C:\WINDOWS\System32\ucrtbase.dll
0x00007ffb8a990000 - 0x00007ffb8a9a7000 	c:\Users\willi\.vscode\extensions\redhat.java-1.27.0-win32-x64\jre\17.0.10-win32-x86_64\bin\jli.dll
0x00007ffba4250000 - 0x00007ffba43fe000 	C:\WINDOWS\System32\USER32.dll
0x00007ffba30d0000 - 0x00007ffba30f6000 	C:\WINDOWS\System32\win32u.dll
0x00007ffba4220000 - 0x00007ffba4249000 	C:\WINDOWS\System32\GDI32.dll
0x00007ffba3560000 - 0x00007ffba3678000 	C:\WINDOWS\System32\gdi32full.dll
0x00007ffba3100000 - 0x00007ffba319a000 	C:\WINDOWS\System32\msvcp_win.dll
0x00007ffb89ce0000 - 0x00007ffb89cfb000 	c:\Users\willi\.vscode\extensions\redhat.java-1.27.0-win32-x64\jre\17.0.10-win32-x86_64\bin\VCRUNTIME140.dll
0x00007ffb80760000 - 0x00007ffb809f3000 	C:\WINDOWS\WinSxS\amd64_microsoft.windows.common-controls_6595b64144ccf1df_6.0.22621.2506_none_270c5ae97388e100\COMCTL32.dll
0x00007ffba5230000 - 0x00007ffba52d7000 	C:\WINDOWS\System32\msvcrt.dll
0x00007ffba52e0000 - 0x00007ffba5311000 	C:\WINDOWS\System32\IMM32.DLL
0x00007ffb90ae0000 - 0x00007ffb90aec000 	c:\Users\willi\.vscode\extensions\redhat.java-1.27.0-win32-x64\jre\17.0.10-win32-x86_64\bin\vcruntime140_1.dll
0x00007ffb6f160000 - 0x00007ffb6f1ed000 	c:\Users\willi\.vscode\extensions\redhat.java-1.27.0-win32-x64\jre\17.0.10-win32-x86_64\bin\msvcp140.dll
0x00007ffb1c840000 - 0x00007ffb1d4a2000 	c:\Users\willi\.vscode\extensions\redhat.java-1.27.0-win32-x64\jre\17.0.10-win32-x86_64\bin\server\jvm.dll
0x00007ffba3f80000 - 0x00007ffba4033000 	C:\WINDOWS\System32\ADVAPI32.dll
0x00007ffba5320000 - 0x00007ffba53c8000 	C:\WINDOWS\System32\sechost.dll
0x00007ffba3a30000 - 0x00007ffba3a58000 	C:\WINDOWS\System32\bcrypt.dll
0x00007ffba5c30000 - 0x00007ffba5d47000 	C:\WINDOWS\System32\RPCRT4.dll
0x00007ffba2b80000 - 0x00007ffba2bcd000 	C:\WINDOWS\SYSTEM32\POWRPROF.dll
0x00007ffb87a90000 - 0x00007ffb87a99000 	C:\WINDOWS\SYSTEM32\WSOCK32.dll
0x00007ffba3f00000 - 0x00007ffba3f71000 	C:\WINDOWS\System32\WS2_32.dll
0x00007ffb987f0000 - 0x00007ffb98824000 	C:\WINDOWS\SYSTEM32\WINMM.dll
0x00007ffb95c30000 - 0x00007ffb95c3a000 	C:\WINDOWS\SYSTEM32\VERSION.dll
0x00007ffba29c0000 - 0x00007ffba29d3000 	C:\WINDOWS\SYSTEM32\UMPDC.dll
0x00007ffba20c0000 - 0x00007ffba20d8000 	C:\WINDOWS\SYSTEM32\kernel.appcore.dll
0x00007ffb8b620000 - 0x00007ffb8b62a000 	c:\Users\willi\.vscode\extensions\redhat.java-1.27.0-win32-x64\jre\17.0.10-win32-x86_64\bin\jimage.dll
0x00007ffb9d270000 - 0x00007ffb9d4a3000 	C:\WINDOWS\SYSTEM32\DBGHELP.DLL
0x00007ffba3ae0000 - 0x00007ffba3e69000 	C:\WINDOWS\System32\combase.dll
0x00007ffba4500000 - 0x00007ffba45d7000 	C:\WINDOWS\System32\OLEAUT32.dll
0x00007ffb86520000 - 0x00007ffb86552000 	C:\WINDOWS\SYSTEM32\dbgcore.DLL
0x00007ffba3a60000 - 0x00007ffba3ada000 	C:\WINDOWS\System32\bcryptPrimitives.dll
0x00007ffb86a70000 - 0x00007ffb86a95000 	c:\Users\willi\.vscode\extensions\redhat.java-1.27.0-win32-x64\jre\17.0.10-win32-x86_64\bin\java.dll
0x00007ffb86d00000 - 0x00007ffb86d18000 	c:\Users\willi\.vscode\extensions\redhat.java-1.27.0-win32-x64\jre\17.0.10-win32-x86_64\bin\zip.dll
0x00007ffba53d0000 - 0x00007ffba5c2a000 	C:\WINDOWS\System32\SHELL32.dll
0x00007ffba0fd0000 - 0x00007ffba18c6000 	C:\WINDOWS\SYSTEM32\windows.storage.dll
0x00007ffba0e90000 - 0x00007ffba0fce000 	C:\WINDOWS\SYSTEM32\wintypes.dll
0x00007ffba4400000 - 0x00007ffba44f3000 	C:\WINDOWS\System32\SHCORE.dll
0x00007ffba41c0000 - 0x00007ffba421e000 	C:\WINDOWS\System32\shlwapi.dll
0x00007ffba3000000 - 0x00007ffba3026000 	C:\WINDOWS\SYSTEM32\profapi.dll
0x00007ffb86610000 - 0x00007ffb86629000 	C:\Users\willi\.vscode\extensions\redhat.java-1.27.0-win32-x64\jre\17.0.10-win32-x86_64\bin\net.dll
0x00007ffb98b80000 - 0x00007ffb98cb7000 	C:\WINDOWS\SYSTEM32\WINHTTP.dll
0x00007ffba2530000 - 0x00007ffba2599000 	C:\WINDOWS\system32\mswsock.dll
0x00007ffb863c0000 - 0x00007ffb863d6000 	C:\Users\willi\.vscode\extensions\redhat.java-1.27.0-win32-x64\jre\17.0.10-win32-x86_64\bin\nio.dll
0x00007ffba28f0000 - 0x00007ffba290b000 	C:\WINDOWS\SYSTEM32\CRYPTSP.dll
0x00007ffba2020000 - 0x00007ffba2055000 	C:\WINDOWS\system32\rsaenh.dll
0x00007ffba25d0000 - 0x00007ffba25fc000 	C:\WINDOWS\SYSTEM32\USERENV.dll
0x00007ffba2730000 - 0x00007ffba273c000 	C:\WINDOWS\SYSTEM32\CRYPTBASE.dll
0x00007ffba1b30000 - 0x00007ffba1b5d000 	C:\WINDOWS\SYSTEM32\IPHLPAPI.DLL
0x00007ffba5220000 - 0x00007ffba5229000 	C:\WINDOWS\System32\NSI.dll
0x00007ffb98830000 - 0x00007ffb98849000 	C:\WINDOWS\SYSTEM32\dhcpcsvc6.DLL
0x00007ffb987d0000 - 0x00007ffb987ef000 	C:\WINDOWS\SYSTEM32\dhcpcsvc.DLL
0x00007ffba1ba0000 - 0x00007ffba1c99000 	C:\WINDOWS\SYSTEM32\DNSAPI.dll
0x00007ffb8a9d0000 - 0x00007ffb8a9e0000 	c:\Users\willi\.vscode\extensions\redhat.java-1.27.0-win32-x64\jre\17.0.10-win32-x86_64\bin\verify.dll
0x00007ffb9b280000 - 0x00007ffb9b289000 	C:\Users\willi\.vscode\extensions\redhat.java-1.27.0-win32-x64\jre\17.0.10-win32-x86_64\bin\management.dll
0x00007ffb9b210000 - 0x00007ffb9b21b000 	C:\Users\willi\.vscode\extensions\redhat.java-1.27.0-win32-x64\jre\17.0.10-win32-x86_64\bin\management_ext.dll
0x00007ffba4e30000 - 0x00007ffba4e38000 	C:\WINDOWS\System32\PSAPI.DLL
0x00007ffb9b350000 - 0x00007ffb9b35e000 	C:\Users\willi\.vscode\extensions\redhat.java-1.27.0-win32-x64\jre\17.0.10-win32-x86_64\bin\sunmscapi.dll
0x00007ffba3380000 - 0x00007ffba34e6000 	C:\WINDOWS\System32\CRYPT32.dll
0x00007ffba2980000 - 0x00007ffba29ae000 	C:\WINDOWS\SYSTEM32\ncrypt.dll
0x00007ffba2910000 - 0x00007ffba2947000 	C:\WINDOWS\SYSTEM32\NTASN1.dll
0x00007ffb98cc0000 - 0x00007ffb98cca000 	C:\Windows\System32\rasadhlp.dll
0x00007ffb97c00000 - 0x00007ffb97c83000 	C:\WINDOWS\System32\fwpuclnt.dll
0x00007ffb97a50000 - 0x00007ffb97a59000 	C:\Users\willi\.vscode\extensions\redhat.java-1.27.0-win32-x64\jre\17.0.10-win32-x86_64\bin\extnet.dll

dbghelp: loaded successfully - version: 4.0.5 - missing functions: none
symbol engine: initialized successfully - sym options: 0x614 - pdb path: .;c:\Users\willi\.vscode\extensions\redhat.java-1.27.0-win32-x64\jre\17.0.10-win32-x86_64\bin;C:\WINDOWS\SYSTEM32;C:\WINDOWS\WinSxS\amd64_microsoft.windows.common-controls_6595b64144ccf1df_6.0.22621.2506_none_270c5ae97388e100;c:\Users\willi\.vscode\extensions\redhat.java-1.27.0-win32-x64\jre\17.0.10-win32-x86_64\bin\server

VM Arguments:
jvm_args: -XX:+HeapDumpOnOutOfMemoryError -Xmx1024m -Dsts.lsp.client=vscode -Dsts.log.file=/dev/null -XX:TieredStopAtLevel=1 -Xlog:jni+resolve=off -Dspring.config.location=file:c:\Users\willi\.vscode\extensions\vmware.vscode-spring-boot-1.51.0\language-server\BOOT-INF\classes\application.properties 
java_command: org.springframework.ide.vscode.boot.app.BootLanguageServerBootApp
java_class_path (initial): c:\Users\willi\.vscode\extensions\vmware.vscode-spring-boot-1.51.0\language-server\BOOT-INF\classes;c:\Users\willi\.vscode\extensions\vmware.vscode-spring-boot-1.51.0\language-server\BOOT-INF\lib\annotations-24.1.0.jar;c:\Users\willi\.vscode\extensions\vmware.vscode-spring-boot-1.51.0\language-server\BOOT-INF\lib\antlr-runtime-3.5.3.jar;c:\Users\willi\.vscode\extensions\vmware.vscode-spring-boot-1.51.0\language-server\BOOT-INF\lib\antlr4-4.11.1.jar;c:\Users\willi\.vscode\extensions\vmware.vscode-spring-boot-1.51.0\language-server\BOOT-INF\lib\antlr4-runtime-4.11.1.jar;c:\Users\willi\.vscode\extensions\vmware.vscode-spring-boot-1.51.0\language-server\BOOT-INF\lib\asm-9.6.jar;c:\Users\willi\.vscode\extensions\vmware.vscode-spring-boot-1.51.0\language-server\BOOT-INF\lib\asm-analysis-9.6.jar;c:\Users\willi\.vscode\extensions\vmware.vscode-spring-boot-1.51.0\language-server\BOOT-INF\lib\asm-tree-9.6.jar;c:\Users\willi\.vscode\extensions\vmware.vscode-spring-boot-1.51.0\language-server\BOOT-INF\lib\asm-util-9.6.jar;c:\Users\willi\.vscode\extensions\vmware.vscode-spring-boot-1.51.0\language-server\BOOT-INF\lib\bosh-language-server-1.51.0-SNAPSHOT.jar;c:\Users\willi\.vscode\extensions\vmware.vscode-spring-boot-1.51.0\language-server\BOOT-INF\lib\caffeine-3.1.8.jar;c:\Users\willi\.vscode\extensions\vmware.vscode-spring-boot-1.51.0\language-server\BOOT-INF\lib\checker-qual-3.12.0.jar;c:\Users\willi\.vscode\extensions\vmware.vscode-spring-boot-1.51.0\language-server\BOOT-INF\lib\classgraph-4.8.149.jar;c:\Users\willi\.vscode\extensions\vmware.vscode-spring-boot-1.51.0\language-server\BOOT-INF\lib\commons-codec-1.15.jar;c:\Users\willi\.vscode\extensions\vmware.vscode-spring-boot-1.51.0\language-server\BOOT-INF\lib\commons-compress-1.25.0.jar;c:\Users\willi\.vscode\extensions\vmware.vscode-spring-boot-1.51.0\language-server\BOOT-INF\lib\commons-io-2.4.jar;c:\Users\willi\.vscode\extensions\vmware.vscode-spring-boot-1.51.0\language-server\BOOT-INF\lib\
Launcher Type: SUN_STANDARD

[Global flags]
     intx CICompilerCount                          = 4                                         {product} {ergonomic}
     uint ConcGCThreads                            = 2                                         {product} {ergonomic}
     uint G1ConcRefinementThreads                  = 8                                         {product} {ergonomic}
   size_t G1HeapRegionSize                         = 1048576                                   {product} {ergonomic}
    uintx GCDrainStackTargetSize                   = 64                                        {product} {ergonomic}
     bool HeapDumpOnOutOfMemoryError               = true                                   {manageable} {command line}
   size_t InitialHeapSize                          = 132120576                                 {product} {ergonomic}
   size_t MarkStackSize                            = 4194304                                   {product} {ergonomic}
   size_t MaxHeapSize                              = 1073741824                                {product} {command line}
   size_t MaxNewSize                               = 643825664                                 {product} {ergonomic}
   size_t MinHeapDeltaBytes                        = 1048576                                   {product} {ergonomic}
   size_t MinHeapSize                              = 8388608                                   {product} {ergonomic}
    uintx NonProfiledCodeHeapSize                  = 0                                      {pd product} {ergonomic}
     bool ProfileInterpreter                       = false                                  {pd product} {command line}
    uintx ProfiledCodeHeapSize                     = 0                                      {pd product} {ergonomic}
   size_t SoftMaxHeapSize                          = 1073741824                             {manageable} {ergonomic}
     intx TieredStopAtLevel                        = 1                                         {product} {command line}
     bool UseCompressedClassPointers               = true                           {product lp64_product} {ergonomic}
     bool UseCompressedOops                        = true                           {product lp64_product} {ergonomic}
     bool UseG1GC                                  = true                                      {product} {ergonomic}
     bool UseLargePagesIndividualAllocation        = false                                  {pd product} {ergonomic}

Logging:
Log output configuration:
 #0: stdout all=warning,jni+resolve=off uptime,level,tags
 #1: stderr all=off uptime,level,tags

Environment Variables:
JAVA_HOME=D:\Linguagens\Linguagem Java\jdk-21.0.1
PATH=D:\Linguagens\Linguagem Java\jdk-21.0.1\bin;C:\Program Files\Common Files\Oracle\Java\javapath;C:\Program Files (x86)\Common Files\Oracle\Java\javapath;C:\Program Files\Microsoft\jdk-11.0.12.7-hotspot\bin;C:\Windows\system32;C:\Windows;C:\Windows\System32\Wbem;C:\Windows\System32\WindowsPowerShell\v1.0\;C:\Windows\System32\OpenSSH\;C:\Program Files\Microsoft SQL Server\150\Tools\Binn\;C:\Program Files\Microsoft SQL Server\Client SDK\ODBC\170\Tools\Binn\;C:\Program Files\dotnet\;C:\ProgramData\Microsoft\Windows\Start Menu\Programs\MySQL;D:\Linguagens\Linguagem C\bin;C:\WINDOWS\system32;C:\WINDOWS;C:\WINDOWS\System32\Wbem;C:\WINDOWS\System32\WindowsPowerShell\v1.0\;C:\WINDOWS\System32\OpenSSH\;D:\Git\cmd;C:\Program Files\nodejs\;C:\Users\willi\AppData\Local\Android\Sdk\emulator;C:\Users\willi\AppData\Local\Android\Sdk\platform-tools;;C:\Program Files\Docker\Docker\resources\bin;C:\Program Files\MySQL\MySQL Shell 8.0\bin\;C:\Users\willi\AppData\Local\Microsoft\WindowsApps;C:\Users\willi\AppData\Local\Programs\Microsoft VS Code\bin;C:\Users\willi\.dotnet\tools;C:\ProgramData\Microsoft\Windows\Start Menu\Programs\MySQL;C:\Users\willi\AppData\Roaming\npm
USERNAME=willi
OS=Windows_NT
PROCESSOR_IDENTIFIER=Intel64 Family 6 Model 142 Stepping 11, GenuineIntel
TMP=C:\Users\willi\AppData\Local\Temp
TEMP=C:\Users\willi\AppData\Local\Temp



Periodic native trim disabled


---------------  S Y S T E M  ---------------

OS:
 Windows 11 , 64 bit Build 22621 (10.0.22621.2506)
OS uptime: 1 days 18:37 hours
Hyper-V role detected

CPU: total 8 (initial active 8) (4 cores per cpu, 2 threads per core) family 6 model 142 stepping 11 microcode 0xf4, cx8, cmov, fxsr, ht, mmx, 3dnowpref, sse, sse2, sse3, ssse3, sse4.1, sse4.2, popcnt, lzcnt, tsc, tscinvbit, avx, avx2, aes, erms, clmul, bmi1, bmi2, adx, fma, vzeroupper, clflush, clflushopt, hv
Processor Information for all 8 processors :
  Max Mhz: 1992, Current Mhz: 1792, Mhz Limit: 1792

Memory: 4k page, system-wide physical 8053M (654M free)
TotalPageFile size 16245M (AvailPageFile size 273M)
current process WorkingSet (physical memory assigned to process): 62M, peak: 208M
current process commit charge ("private bytes"): 245M, peak: 260M

vm_info: OpenJDK 64-Bit Server VM (17.0.10+7) for windows-amd64 JRE (17.0.10+7), built on Jan 16 2024 23:25:11 by "admin" with MS VC++ 16.10 / 16.11 (VS2019)

END.
